<?xml version="1.0" encoding="utf-8"?>
<TestRun id="ac77ad7a-e33d-4d56-b1ba-6e7e9c65c242" name="hy971@DESKTOP-4UQ0AMN 2026-05-08 13:33:25" runUser="DESKTOP-4UQ0AMN\hy971" xmlns="http://microsoft.com/schemas/VisualStudio/TeamTest/2010">
  <Times creation="2026-05-08T13:33:25.2643769+03:00" queuing="2026-05-08T13:33:25.2643774+03:00" start="2026-05-08T13:33:23.2543325+03:00" finish="2026-05-08T13:33:26.0285411+03:00" />
  <TestSettings name="default" id="b4dd8295-1bc8-4e6a-82d9-522cc25a650f">
    <Deployment runDeploymentRoot="hy971_DESKTOP-4UQ0AMN_2026-05-08_13_33_25" />
  </TestSettings>
  <Results>
    <UnitTestResult executionId="578024a6-ae49-4cf9-ae5d-3e0c7c3ec3c8" testId="31700586-f3b6-0c21-a6e3-7c595020241b" testName="MyDietitianMobileApp.Api.Tests.Benchmarks.BenchmarkRunnerTests.RunNormalizationBenchmarkComparison_WithConfiguredLlm_ReturnsOnOffDelta" computerName="DESKTOP-4UQ0AMN" duration="00:00:00.0307127" startTime="2026-05-08T13:33:25.9702933+03:00" endTime="2026-05-08T13:33:25.9702935+03:00" testType="13cdc9d9-ddb5-4fa4-a97d-d965ccfc6d4b" outcome="Passed" testListId="8c84fa94-04c1-424b-9868-57a2d4851a1d" relativeResultsDirectory="578024a6-ae49-4cf9-ae5d-3e0c7c3ec3c8" />
    <UnitTestResult executionId="724c19f0-ed95-4df9-992a-46b24e3ee7d9" testId="a9bbebb0-20fb-6e94-ec7d-f27d9c96566d" testName="MyDietitianMobileApp.Api.Tests.Benchmarks.BenchmarkRunnerTests.RunRecommendationBenchmark_WithDuplicateRecipeNames_DoesNotThrow" computerName="DESKTOP-4UQ0AMN" duration="00:00:00.0123763" startTime="2026-05-08T13:33:25.9395516+03:00" endTime="2026-05-08T13:33:25.9395517+03:00" testType="13cdc9d9-ddb5-4fa4-a97d-d965ccfc6d4b" outcome="Passed" testListId="8c84fa94-04c1-424b-9868-57a2d4851a1d" relativeResultsDirectory="724c19f0-ed95-4df9-992a-46b24e3ee7d9" />
    <UnitTestResult executionId="e8e5e8d3-7276-4e55-891b-d2dbc3835b49" testId="c74e7f2c-4d50-23fb-6d92-b521937f4070" testName="MyDietitianMobileApp.Api.Tests.Benchmarks.BenchmarkRunnerTests.NormalizationBenchmark_ComputesPerDifficultyBreakdown" computerName="DESKTOP-4UQ0AMN" duration="00:00:00.0081785" startTime="2026-05-08T13:33:25.8783979+03:00" endTime="2026-05-08T13:33:25.8783982+03:00" testType="13cdc9d9-ddb5-4fa4-a97d-d965ccfc6d4b" outcome="Passed" testListId="8c84fa94-04c1-424b-9868-57a2d4851a1d" relativeResultsDirectory="e8e5e8d3-7276-4e55-891b-d2dbc3835b49" />
    <UnitTestResult executionId="1e82d989-c997-4570-a1dc-06186388c434" testId="4a101083-36a3-14a3-9fbd-9c92fda797c0" testName="MyDietitianMobileApp.Api.Tests.Benchmarks.BenchmarkRunnerTests.RunHybridRecipeBenchmark_WithInMemoryDataset_ComputesTop1AndHitAt3" computerName="DESKTOP-4UQ0AMN" duration="00:00:00.0117483" startTime="2026-05-08T13:33:25.8701077+03:00" endTime="2026-05-08T13:33:25.8701079+03:00" testType="13cdc9d9-ddb5-4fa4-a97d-d965ccfc6d4b" outcome="Passed" testListId="8c84fa94-04c1-424b-9868-57a2d4851a1d" relativeResultsDirectory="1e82d989-c997-4570-a1dc-06186388c434" />
    <UnitTestResult executionId="3857d446-608d-4e06-a591-24047cb26464" testId="46218607-865a-7a0c-eaec-1ea91081bce7" testName="MyDietitianMobileApp.Api.Tests.Benchmarks.BenchmarkRunnerTests.RunNormalizationBenchmark_WithInMemoryDataset_ProducesCorrectMetrics" computerName="DESKTOP-4UQ0AMN" duration="00:00:00.0115906" startTime="2026-05-08T13:33:25.8027098+03:00" endTime="2026-05-08T13:33:25.8027100+03:00" testType="13cdc9d9-ddb5-4fa4-a97d-d965ccfc6d4b" outcome="Passed" testListId="8c84fa94-04c1-424b-9868-57a2d4851a1d" relativeResultsDirectory="3857d446-608d-4e06-a591-24047cb26464" />
    <UnitTestResult executionId="a93de016-6144-41d8-b955-61e8983ae0ab" testId="45a25c98-0e37-fd3e-f4ee-5d9536f3c455" testName="MyDietitianMobileApp.Api.Tests.Benchmarks.BenchmarkRunnerTests.RunMultimodalAcquisitionBenchmark_WithInMemoryDataset_ProducesPerSourceMetrics" computerName="DESKTOP-4UQ0AMN" duration="00:00:01.3998666" startTime="2026-05-08T13:33:25.5841712+03:00" endTime="2026-05-08T13:33:25.5841714+03:00" testType="13cdc9d9-ddb5-4fa4-a97d-d965ccfc6d4b" outcome="Passed" testListId="8c84fa94-04c1-424b-9868-57a2d4851a1d" relativeResultsDirectory="a93de016-6144-41d8-b955-61e8983ae0ab" />
    <UnitTestResult executionId="3273024e-1fe3-4054-bdd2-80a136705d5a" testId="7e2753e6-13e8-b270-1cf6-4d207dcfb32d" testName="MyDietitianMobileApp.Api.Tests.Benchmarks.BenchmarkRunnerTests.RunRecommendationBenchmark_WithRecipeNameIdentifiers_ResolvesCorrectly" computerName="DESKTOP-4UQ0AMN" duration="00:00:00.0040915" startTime="2026-05-08T13:33:25.8582981+03:00" endTime="2026-05-08T13:33:25.8582982+03:00" testType="13cdc9d9-ddb5-4fa4-a97d-d965ccfc6d4b" outcome="Passed" testListId="8c84fa94-04c1-424b-9868-57a2d4851a1d" relativeResultsDirectory="3273024e-1fe3-4054-bdd2-80a136705d5a" />
    <UnitTestResult executionId="abb80b71-6ce4-4ae9-bba0-af01993c21bb" testId="f15447dc-93a4-6811-19f7-e689b22bd40a" testName="MyDietitianMobileApp.Api.Tests.Benchmarks.BenchmarkRunnerTests.RunNormalizationBenchmark_WithJsonFile_LoadsAndExecutes" computerName="DESKTOP-4UQ0AMN" duration="00:00:00.0451233" startTime="2026-05-08T13:33:25.9258482+03:00" endTime="2026-05-08T13:33:25.9258486+03:00" testType="13cdc9d9-ddb5-4fa4-a97d-d965ccfc6d4b" outcome="Passed" testListId="8c84fa94-04c1-424b-9868-57a2d4851a1d" relativeResultsDirectory="abb80b71-6ce4-4ae9-bba0-af01993c21bb" />
    <UnitTestResult executionId="37b89f33-fa69-46f5-ac52-710aa0dc2df2" testId="ec2dd119-5ac0-4c77-2d90-d24fa88e2b3b" testName="MyDietitianMobileApp.Api.Tests.Benchmarks.BenchmarkRunnerTests.RunRecommendationBenchmark_WithDuplicateCanonicalIngredients_DoesNotThrow" computerName="DESKTOP-4UQ0AMN" duration="00:00:00.2067658" startTime="2026-05-08T13:33:25.7910382+03:00" endTime="2026-05-08T13:33:25.7910383+03:00" testType="13cdc9d9-ddb5-4fa4-a97d-d965ccfc6d4b" outcome="Passed" testListId="8c84fa94-04c1-424b-9868-57a2d4851a1d" relativeResultsDirectory="37b89f33-fa69-46f5-ac52-710aa0dc2df2" />
    <UnitTestResult executionId="cf345eac-e7a6-44a9-a40d-d1db728fd92e" testId="602c5d5c-4626-cfe9-7533-a7c2a0d68405" testName="MyDietitianMobileApp.Api.Tests.Infrastructure.BarcodeIngredientResolutionServiceTests.ResolveProductAsync_WhenProviderOnlyReturnsBrandText_ShouldRemainUnresolved" computerName="DESKTOP-4UQ0AMN" duration="00:00:00.1779370" startTime="2026-05-08T13:33:24.3656250+03:00" endTime="2026-05-08T13:33:24.3656531+03:00" testType="13cdc9d9-ddb5-4fa4-a97d-d965ccfc6d4b" outcome="Passed" testListId="8c84fa94-04c1-424b-9868-57a2d4851a1d" relativeResultsDirectory="cf345eac-e7a6-44a9-a40d-d1db728fd92e" />
    <UnitTestResult executionId="99d5cf1e-f73b-4817-9fbf-aa68f8c6f0f7" testId="ee211436-e96a-06dd-9c0a-47b404d0b1e4" testName="MyDietitianMobileApp.Api.Tests.Benchmarks.BenchmarkRunnerTests.RunRecommendationBenchmark_WithInMemoryDataset_ProducesCorrectMetrics" computerName="DESKTOP-4UQ0AMN" duration="00:00:00.0513320" startTime="2026-05-08T13:33:25.8541448+03:00" endTime="2026-05-08T13:33:25.8541450+03:00" testType="13cdc9d9-ddb5-4fa4-a97d-d965ccfc6d4b" outcome="Passed" testListId="8c84fa94-04c1-424b-9868-57a2d4851a1d" relativeResultsDirectory="99d5cf1e-f73b-4817-9fbf-aa68f8c6f0f7" />
    <UnitTestResult executionId="60f9ece0-26fe-4efb-9319-710dd4fc4808" testId="89d6c51f-2786-c1fb-a0db-dd53f3f3abbd" testName="MyDietitianMobileApp.Api.Tests.Infrastructure.BarcodeIngredientResolutionServiceTests.ResolveProductAsync_WhenProductNameContainsIngredientOutsideFamilyRules_ShouldUseIngredientNormalization" computerName="DESKTOP-4UQ0AMN" duration="00:00:00.0087257" startTime="2026-05-08T13:33:24.3906871+03:00" endTime="2026-05-08T13:33:24.3906877+03:00" testType="13cdc9d9-ddb5-4fa4-a97d-d965ccfc6d4b" outcome="Passed" testListId="8c84fa94-04c1-424b-9868-57a2d4851a1d" relativeResultsDirectory="60f9ece0-26fe-4efb-9319-710dd4fc4808" />
    <UnitTestResult executionId="313a3a2f-06c5-40d3-bf04-cba70c2fefd3" testId="d0ffd43a-c53b-392a-9933-a903a1a8df0e" testName="MyDietitianMobileApp.Api.Tests.Infrastructure.BarcodeIngredientResolutionServiceTests.ResolveAsync_WhenDeryaTunaBarcodeWasUnresolved_ShouldReturnTonBaligiAndRepairCache" computerName="DESKTOP-4UQ0AMN" duration="00:00:01.1927410" startTime="2026-05-08T13:33:25.5861130+03:00" endTime="2026-05-08T13:33:25.5861133+03:00" testType="13cdc9d9-ddb5-4fa4-a97d-d965ccfc6d4b" outcome="Passed" testListId="8c84fa94-04c1-424b-9868-57a2d4851a1d" relativeResultsDirectory="313a3a2f-06c5-40d3-bf04-cba70c2fefd3" />
    <UnitTestResult executionId="8f74a09f-7b3c-49a7-bbb4-d57aac76c42c" testId="deb0cbce-bb77-b6c5-0e01-2915736d4981" testName="MyDietitianMobileApp.Api.Tests.Infrastructure.BarcodeIngredientResolutionServiceTests.ResolveProductAsync_WhenProductNameHasNoSpaces_ShouldMatchTonBaligiRule" computerName="DESKTOP-4UQ0AMN" duration="00:00:00.0024694" startTime="2026-05-08T13:33:24.3932669+03:00" endTime="2026-05-08T13:33:24.3932673+03:00" testType="13cdc9d9-ddb5-4fa4-a97d-d965ccfc6d4b" outcome="Passed" testListId="8c84fa94-04c1-424b-9868-57a2d4851a1d" relativeResultsDirectory="8f74a09f-7b3c-49a7-bbb4-d57aac76c42c" />
    <UnitTestResult executionId="c03b1fd3-2d44-472f-900c-56848e7268b5" testId="46c044be-bd45-2a0f-bfc6-54f1dd7b8105" testName="MyDietitianMobileApp.Api.Tests.Infrastructure.BarcodeIngredientResolutionServiceTests.ResolveProductAsync_WhenProductNameLooksLikeWater_ShouldReturnSuCandidate" computerName="DESKTOP-4UQ0AMN" duration="00:00:00.0167049" startTime="2026-05-08T13:33:24.3819024+03:00" endTime="2026-05-08T13:33:24.3819028+03:00" testType="13cdc9d9-ddb5-4fa4-a97d-d965ccfc6d4b" outcome="Passed" testListId="8c84fa94-04c1-424b-9868-57a2d4851a1d" relativeResultsDirectory="c03b1fd3-2d44-472f-900c-56848e7268b5" />
  </Results>
  <TestDefinitions>
    <UnitTest name="MyDietitianMobileApp.Api.Tests.Benchmarks.BenchmarkRunnerTests.RunNormalizationBenchmark_WithJsonFile_LoadsAndExecutes" storage="c:\users\hy971\source\repos\mydietitianmobileapp\tests\mydietitianmobileapp.api.tests\bin\release\net8.0\mydietitianmobileapp.api.tests.dll" id="f15447dc-93a4-6811-19f7-e689b22bd40a">
      <Execution id="abb80b71-6ce4-4ae9-bba0-af01993c21bb" />
      <TestMethod codeBase="C:\Users\hy971\source\repos\MyDietitianMobileApp\tests\MyDietitianMobileApp.Api.Tests\bin\Release\net8.0\MyDietitianMobileApp.Api.Tests.dll" adapterTypeName="executor://xunit/VsTestRunner2/netcoreapp" className="MyDietitianMobileApp.Api.Tests.Benchmarks.BenchmarkRunnerTests" name="RunNormalizationBenchmark_WithJsonFile_LoadsAndExecutes" />
    </UnitTest>
    <UnitTest name="MyDietitianMobileApp.Api.Tests.Infrastructure.BarcodeIngredientResolutionServiceTests.ResolveProductAsync_WhenProductNameLooksLikeWater_ShouldReturnSuCandidate" storage="c:\users\hy971\source\repos\mydietitianmobileapp\tests\mydietitianmobileapp.api.tests\bin\release\net8.0\mydietitianmobileapp.api.tests.dll" id="46c044be-bd45-2a0f-bfc6-54f1dd7b8105">
      <Execution id="c03b1fd3-2d44-472f-900c-56848e7268b5" />
      <TestMethod codeBase="C:\Users\hy971\source\repos\MyDietitianMobileApp\tests\MyDietitianMobileApp.Api.Tests\bin\Release\net8.0\MyDietitianMobileApp.Api.Tests.dll" adapterTypeName="executor://xunit/VsTestRunner2/netcoreapp" className="MyDietitianMobileApp.Api.Tests.Infrastructure.BarcodeIngredientResolutionServiceTests" name="ResolveProductAsync_WhenProductNameLooksLikeWater_ShouldReturnSuCandidate" />
    </UnitTest>
    <UnitTest name="MyDietitianMobileApp.Api.Tests.Infrastructure.BarcodeIngredientResolutionServiceTests.ResolveProductAsync_WhenProductNameContainsIngredientOutsideFamilyRules_ShouldUseIngredientNormalization" storage="c:\users\hy971\source\repos\mydietitianmobileapp\tests\mydietitianmobileapp.api.tests\bin\release\net8.0\mydietitianmobileapp.api.tests.dll" id="89d6c51f-2786-c1fb-a0db-dd53f3f3abbd">
      <Execution id="60f9ece0-26fe-4efb-9319-710dd4fc4808" />
      <TestMethod codeBase="C:\Users\hy971\source\repos\MyDietitianMobileApp\tests\MyDietitianMobileApp.Api.Tests\bin\Release\net8.0\MyDietitianMobileApp.Api.Tests.dll" adapterTypeName="executor://xunit/VsTestRunner2/netcoreapp" className="MyDietitianMobileApp.Api.Tests.Infrastructure.BarcodeIngredientResolutionServiceTests" name="ResolveProductAsync_WhenProductNameContainsIngredientOutsideFamilyRules_ShouldUseIngredientNormalization" />
    </UnitTest>
    <UnitTest name="MyDietitianMobileApp.Api.Tests.Benchmarks.BenchmarkRunnerTests.RunMultimodalAcquisitionBenchmark_WithInMemoryDataset_ProducesPerSourceMetrics" storage="c:\users\hy971\source\repos\mydietitianmobileapp\tests\mydietitianmobileapp.api.tests\bin\release\net8.0\mydietitianmobileapp.api.tests.dll" id="45a25c98-0e37-fd3e-f4ee-5d9536f3c455">
      <Execution id="a93de016-6144-41d8-b955-61e8983ae0ab" />
      <TestMethod codeBase="C:\Users\hy971\source\repos\MyDietitianMobileApp\tests\MyDietitianMobileApp.Api.Tests\bin\Release\net8.0\MyDietitianMobileApp.Api.Tests.dll" adapterTypeName="executor://xunit/VsTestRunner2/netcoreapp" className="MyDietitianMobileApp.Api.Tests.Benchmarks.BenchmarkRunnerTests" name="RunMultimodalAcquisitionBenchmark_WithInMemoryDataset_ProducesPerSourceMetrics" />
    </UnitTest>
    <UnitTest name="MyDietitianMobileApp.Api.Tests.Infrastructure.BarcodeIngredientResolutionServiceTests.ResolveProductAsync_WhenProviderOnlyReturnsBrandText_ShouldRemainUnresolved" storage="c:\users\hy971\source\repos\mydietitianmobileapp\tests\mydietitianmobileapp.api.tests\bin\release\net8.0\mydietitianmobileapp.api.tests.dll" id="602c5d5c-4626-cfe9-7533-a7c2a0d68405">
      <Execution id="cf345eac-e7a6-44a9-a40d-d1db728fd92e" />
      <TestMethod codeBase="C:\Users\hy971\source\repos\MyDietitianMobileApp\tests\MyDietitianMobileApp.Api.Tests\bin\Release\net8.0\MyDietitianMobileApp.Api.Tests.dll" adapterTypeName="executor://xunit/VsTestRunner2/netcoreapp" className="MyDietitianMobileApp.Api.Tests.Infrastructure.BarcodeIngredientResolutionServiceTests" name="ResolveProductAsync_WhenProviderOnlyReturnsBrandText_ShouldRemainUnresolved" />
    </UnitTest>
    <UnitTest name="MyDietitianMobileApp.Api.Tests.Infrastructure.BarcodeIngredientResolutionServiceTests.ResolveProductAsync_WhenProductNameHasNoSpaces_ShouldMatchTonBaligiRule" storage="c:\users\hy971\source\repos\mydietitianmobileapp\tests\mydietitianmobileapp.api.tests\bin\release\net8.0\mydietitianmobileapp.api.tests.dll" id="deb0cbce-bb77-b6c5-0e01-2915736d4981">
      <Execution id="8f74a09f-7b3c-49a7-bbb4-d57aac76c42c" />
      <TestMethod codeBase="C:\Users\hy971\source\repos\MyDietitianMobileApp\tests\MyDietitianMobileApp.Api.Tests\bin\Release\net8.0\MyDietitianMobileApp.Api.Tests.dll" adapterTypeName="executor://xunit/VsTestRunner2/netcoreapp" className="MyDietitianMobileApp.Api.Tests.Infrastructure.BarcodeIngredientResolutionServiceTests" name="ResolveProductAsync_WhenProductNameHasNoSpaces_ShouldMatchTonBaligiRule" />
    </UnitTest>
    <UnitTest name="MyDietitianMobileApp.Api.Tests.Benchmarks.BenchmarkRunnerTests.RunNormalizationBenchmark_WithInMemoryDataset_ProducesCorrectMetrics" storage="c:\users\hy971\source\repos\mydietitianmobileapp\tests\mydietitianmobileapp.api.tests\bin\release\net8.0\mydietitianmobileapp.api.tests.dll" id="46218607-865a-7a0c-eaec-1ea91081bce7">
      <Execution id="3857d446-608d-4e06-a591-24047cb26464" />
      <TestMethod codeBase="C:\Users\hy971\source\repos\MyDietitianMobileApp\tests\MyDietitianMobileApp.Api.Tests\bin\Release\net8.0\MyDietitianMobileApp.Api.Tests.dll" adapterTypeName="executor://xunit/VsTestRunner2/netcoreapp" className="MyDietitianMobileApp.Api.Tests.Benchmarks.BenchmarkRunnerTests" name="RunNormalizationBenchmark_WithInMemoryDataset_ProducesCorrectMetrics" />
    </UnitTest>
    <UnitTest name="MyDietitianMobileApp.Api.Tests.Benchmarks.BenchmarkRunnerTests.RunRecommendationBenchmark_WithInMemoryDataset_ProducesCorrectMetrics" storage="c:\users\hy971\source\repos\mydietitianmobileapp\tests\mydietitianmobileapp.api.tests\bin\release\net8.0\mydietitianmobileapp.api.tests.dll" id="ee211436-e96a-06dd-9c0a-47b404d0b1e4">
      <Execution id="99d5cf1e-f73b-4817-9fbf-aa68f8c6f0f7" />
      <TestMethod codeBase="C:\Users\hy971\source\repos\MyDietitianMobileApp\tests\MyDietitianMobileApp.Api.Tests\bin\Release\net8.0\MyDietitianMobileApp.Api.Tests.dll" adapterTypeName="executor://xunit/VsTestRunner2/netcoreapp" className="MyDietitianMobileApp.Api.Tests.Benchmarks.BenchmarkRunnerTests" name="RunRecommendationBenchmark_WithInMemoryDataset_ProducesCorrectMetrics" />
    </UnitTest>
    <UnitTest name="MyDietitianMobileApp.Api.Tests.Benchmarks.BenchmarkRunnerTests.RunRecommendationBenchmark_WithDuplicateCanonicalIngredients_DoesNotThrow" storage="c:\users\hy971\source\repos\mydietitianmobileapp\tests\mydietitianmobileapp.api.tests\bin\release\net8.0\mydietitianmobileapp.api.tests.dll" id="ec2dd119-5ac0-4c77-2d90-d24fa88e2b3b">
      <Execution id="37b89f33-fa69-46f5-ac52-710aa0dc2df2" />
      <TestMethod codeBase="C:\Users\hy971\source\repos\MyDietitianMobileApp\tests\MyDietitianMobileApp.Api.Tests\bin\Release\net8.0\MyDietitianMobileApp.Api.Tests.dll" adapterTypeName="executor://xunit/VsTestRunner2/netcoreapp" className="MyDietitianMobileApp.Api.Tests.Benchmarks.BenchmarkRunnerTests" name="RunRecommendationBenchmark_WithDuplicateCanonicalIngredients_DoesNotThrow" />
    </UnitTest>
    <UnitTest name="MyDietitianMobileApp.Api.Tests.Benchmarks.BenchmarkRunnerTests.RunRecommendationBenchmark_WithRecipeNameIdentifiers_ResolvesCorrectly" storage="c:\users\hy971\source\repos\mydietitianmobileapp\tests\mydietitianmobileapp.api.tests\bin\release\net8.0\mydietitianmobileapp.api.tests.dll" id="7e2753e6-13e8-b270-1cf6-4d207dcfb32d">
      <Execution id="3273024e-1fe3-4054-bdd2-80a136705d5a" />
      <TestMethod codeBase="C:\Users\hy971\source\repos\MyDietitianMobileApp\tests\MyDietitianMobileApp.Api.Tests\bin\Release\net8.0\MyDietitianMobileApp.Api.Tests.dll" adapterTypeName="executor://xunit/VsTestRunner2/netcoreapp" className="MyDietitianMobileApp.Api.Tests.Benchmarks.BenchmarkRunnerTests" name="RunRecommendationBenchmark_WithRecipeNameIdentifiers_ResolvesCorrectly" />
    </UnitTest>
    <UnitTest name="MyDietitianMobileApp.Api.Tests.Benchmarks.BenchmarkRunnerTests.RunNormalizationBenchmarkComparison_WithConfiguredLlm_ReturnsOnOffDelta" storage="c:\users\hy971\source\repos\mydietitianmobileapp\tests\mydietitianmobileapp.api.tests\bin\release\net8.0\mydietitianmobileapp.api.tests.dll" id="31700586-f3b6-0c21-a6e3-7c595020241b">
      <Execution id="578024a6-ae49-4cf9-ae5d-3e0c7c3ec3c8" />
      <TestMethod codeBase="C:\Users\hy971\source\repos\MyDietitianMobileApp\tests\MyDietitianMobileApp.Api.Tests\bin\Release\net8.0\MyDietitianMobileApp.Api.Tests.dll" adapterTypeName="executor://xunit/VsTestRunner2/netcoreapp" className="MyDietitianMobileApp.Api.Tests.Benchmarks.BenchmarkRunnerTests" name="RunNormalizationBenchmarkComparison_WithConfiguredLlm_ReturnsOnOffDelta" />
    </UnitTest>
    <UnitTest name="MyDietitianMobileApp.Api.Tests.Infrastructure.BarcodeIngredientResolutionServiceTests.ResolveAsync_WhenDeryaTunaBarcodeWasUnresolved_ShouldReturnTonBaligiAndRepairCache" storage="c:\users\hy971\source\repos\mydietitianmobileapp\tests\mydietitianmobileapp.api.tests\bin\release\net8.0\mydietitianmobileapp.api.tests.dll" id="d0ffd43a-c53b-392a-9933-a903a1a8df0e">
      <Execution id="313a3a2f-06c5-40d3-bf04-cba70c2fefd3" />
      <TestMethod codeBase="C:\Users\hy971\source\repos\MyDietitianMobileApp\tests\MyDietitianMobileApp.Api.Tests\bin\Release\net8.0\MyDietitianMobileApp.Api.Tests.dll" adapterTypeName="executor://xunit/VsTestRunner2/netcoreapp" className="MyDietitianMobileApp.Api.Tests.Infrastructure.BarcodeIngredientResolutionServiceTests" name="ResolveAsync_WhenDeryaTunaBarcodeWasUnresolved_ShouldReturnTonBaligiAndRepairCache" />
    </UnitTest>
    <UnitTest name="MyDietitianMobileApp.Api.Tests.Benchmarks.BenchmarkRunnerTests.RunRecommendationBenchmark_WithDuplicateRecipeNames_DoesNotThrow" storage="c:\users\hy971\source\repos\mydietitianmobileapp\tests\mydietitianmobileapp.api.tests\bin\release\net8.0\mydietitianmobileapp.api.tests.dll" id="a9bbebb0-20fb-6e94-ec7d-f27d9c96566d">
      <Execution id="724c19f0-ed95-4df9-992a-46b24e3ee7d9" />
      <TestMethod codeBase="C:\Users\hy971\source\repos\MyDietitianMobileApp\tests\MyDietitianMobileApp.Api.Tests\bin\Release\net8.0\MyDietitianMobileApp.Api.Tests.dll" adapterTypeName="executor://xunit/VsTestRunner2/netcoreapp" className="MyDietitianMobileApp.Api.Tests.Benchmarks.BenchmarkRunnerTests" name="RunRecommendationBenchmark_WithDuplicateRecipeNames_DoesNotThrow" />
    </UnitTest>
    <UnitTest name="MyDietitianMobileApp.Api.Tests.Benchmarks.BenchmarkRunnerTests.NormalizationBenchmark_ComputesPerDifficultyBreakdown" storage="c:\users\hy971\source\repos\mydietitianmobileapp\tests\mydietitianmobileapp.api.tests\bin\release\net8.0\mydietitianmobileapp.api.tests.dll" id="c74e7f2c-4d50-23fb-6d92-b521937f4070">
      <Execution id="e8e5e8d3-7276-4e55-891b-d2dbc3835b49" />
      <TestMethod codeBase="C:\Users\hy971\source\repos\MyDietitianMobileApp\tests\MyDietitianMobileApp.Api.Tests\bin\Release\net8.0\MyDietitianMobileApp.Api.Tests.dll" adapterTypeName="executor://xunit/VsTestRunner2/netcoreapp" className="MyDietitianMobileApp.Api.Tests.Benchmarks.BenchmarkRunnerTests" name="NormalizationBenchmark_ComputesPerDifficultyBreakdown" />
    </UnitTest>
    <UnitTest name="MyDietitianMobileApp.Api.Tests.Benchmarks.BenchmarkRunnerTests.RunHybridRecipeBenchmark_WithInMemoryDataset_ComputesTop1AndHitAt3" storage="c:\users\hy971\source\repos\mydietitianmobileapp\tests\mydietitianmobileapp.api.tests\bin\release\net8.0\mydietitianmobileapp.api.tests.dll" id="4a101083-36a3-14a3-9fbd-9c92fda797c0">
      <Execution id="1e82d989-c997-4570-a1dc-06186388c434" />
      <TestMethod codeBase="C:\Users\hy971\source\repos\MyDietitianMobileApp\tests\MyDietitianMobileApp.Api.Tests\bin\Release\net8.0\MyDietitianMobileApp.Api.Tests.dll" adapterTypeName="executor://xunit/VsTestRunner2/netcoreapp" className="MyDietitianMobileApp.Api.Tests.Benchmarks.BenchmarkRunnerTests" name="RunHybridRecipeBenchmark_WithInMemoryDataset_ComputesTop1AndHitAt3" />
    </UnitTest>
  </TestDefinitions>
  <TestEntries>
    <TestEntry testId="31700586-f3b6-0c21-a6e3-7c595020241b" executionId="578024a6-ae49-4cf9-ae5d-3e0c7c3ec3c8" testListId="8c84fa94-04c1-424b-9868-57a2d4851a1d" />
    <TestEntry testId="a9bbebb0-20fb-6e94-ec7d-f27d9c96566d" executionId="724c19f0-ed95-4df9-992a-46b24e3ee7d9" testListId="8c84fa94-04c1-424b-9868-57a2d4851a1d" />
    <TestEntry testId="c74e7f2c-4d50-23fb-6d92-b521937f4070" executionId="e8e5e8d3-7276-4e55-891b-d2dbc3835b49" testListId="8c84fa94-04c1-424b-9868-57a2d4851a1d" />
    <TestEntry testId="4a101083-36a3-14a3-9fbd-9c92fda797c0" executionId="1e82d989-c997-4570-a1dc-06186388c434" testListId="8c84fa94-04c1-424b-9868-57a2d4851a1d" />
    <TestEntry testId="46218607-865a-7a0c-eaec-1ea91081bce7" executionId="3857d446-608d-4e06-a591-24047cb26464" testListId="8c84fa94-04c1-424b-9868-57a2d4851a1d" />
    <TestEntry testId="45a25c98-0e37-fd3e-f4ee-5d9536f3c455" executionId="a93de016-6144-41d8-b955-61e8983ae0ab" testListId="8c84fa94-04c1-424b-9868-57a2d4851a1d" />
    <TestEntry testId="7e2753e6-13e8-b270-1cf6-4d207dcfb32d" executionId="3273024e-1fe3-4054-bdd2-80a136705d5a" testListId="8c84fa94-04c1-424b-9868-57a2d4851a1d" />
    <TestEntry testId="f15447dc-93a4-6811-19f7-e689b22bd40a" executionId="abb80b71-6ce4-4ae9-bba0-af01993c21bb" testListId="8c84fa94-04c1-424b-9868-57a2d4851a1d" />
    <TestEntry testId="ec2dd119-5ac0-4c77-2d90-d24fa88e2b3b" executionId="37b89f33-fa69-46f5-ac52-710aa0dc2df2" testListId="8c84fa94-04c1-424b-9868-57a2d4851a1d" />
    <TestEntry testId="602c5d5c-4626-cfe9-7533-a7c2a0d68405" executionId="cf345eac-e7a6-44a9-a40d-d1db728fd92e" testListId="8c84fa94-04c1-424b-9868-57a2d4851a1d" />
    <TestEntry testId="ee211436-e96a-06dd-9c0a-47b404d0b1e4" executionId="99d5cf1e-f73b-4817-9fbf-aa68f8c6f0f7" testListId="8c84fa94-04c1-424b-9868-57a2d4851a1d" />
    <TestEntry testId="89d6c51f-2786-c1fb-a0db-dd53f3f3abbd" executionId="60f9ece0-26fe-4efb-9319-710dd4fc4808" testListId="8c84fa94-04c1-424b-9868-57a2d4851a1d" />
    <TestEntry testId="d0ffd43a-c53b-392a-9933-a903a1a8df0e" executionId="313a3a2f-06c5-40d3-bf04-cba70c2fefd3" testListId="8c84fa94-04c1-424b-9868-57a2d4851a1d" />
    <TestEntry testId="deb0cbce-bb77-b6c5-0e01-2915736d4981" executionId="8f74a09f-7b3c-49a7-bbb4-d57aac76c42c" testListId="8c84fa94-04c1-424b-9868-57a2d4851a1d" />
    <TestEntry testId="46c044be-bd45-2a0f-bfc6-54f1dd7b8105" executionId="c03b1fd3-2d44-472f-900c-56848e7268b5" testListId="8c84fa94-04c1-424b-9868-57a2d4851a1d" />
  </TestEntries>
  <TestLists>
    <TestList name="Bir Listede Olmayan Sonuçlar" id="8c84fa94-04c1-424b-9868-57a2d4851a1d" />
    <TestList name="Yüklenen Tüm Sonuçlar" id="19431567-8539-422a-85d7-44ee4e166bda" />
  </TestLists>
  <ResultSummary outcome="Completed">
    <Counters total="15" executed="15" passed="15" failed="0" error="0" timeout="0" aborted="0" inconclusive="0" passedButRunAborted="0" notRunnable="0" notExecuted="0" disconnected="0" warning="0" completed="0" inProgress="0" pending="0" />
    <Output>
      <StdOut>[xUnit.net 00:00:00.00] xUnit.net VSTest Adapter v2.8.2+699d445a1a (64-bit .NET 8.0.23)&#xD;
[xUnit.net 00:00:00.24]   Discovering: MyDietitianMobileApp.Api.Tests&#xD;
[xUnit.net 00:00:00.34]   Discovered:  MyDietitianMobileApp.Api.Tests&#xD;
[xUnit.net 00:00:00.35]   Starting:    MyDietitianMobileApp.Api.Tests&#xD;
[xUnit.net 00:00:02.18]   Finished:    MyDietitianMobileApp.Api.Tests&#xD;
</StdOut>
    </Output>
  </ResultSummary>
</TestRun>