<?xml version="1.0" encoding="utf-8"?>
<TestRun id="3b56c38c-8088-43cd-8140-67f8ad28ae33" name="hy971@DESKTOP-4UQ0AMN 2026-05-08 13:33:42" runUser="DESKTOP-4UQ0AMN\hy971" xmlns="http://microsoft.com/schemas/VisualStudio/TeamTest/2010">
  <Times creation="2026-05-08T13:33:42.1695774+03:00" queuing="2026-05-08T13:33:42.1695779+03:00" start="2026-05-08T13:33:41.1354723+03:00" finish="2026-05-08T13:33:57.2094535+03:00" />
  <TestSettings name="default" id="b25a4677-bab0-49e1-b9cb-646187c9a5ff">
    <Deployment runDeploymentRoot="hy971_DESKTOP-4UQ0AMN_2026-05-08_13_33_42" />
  </TestSettings>
  <Results>
    <UnitTestResult executionId="f3cadab2-d779-4059-b994-ac6546d02a53" testId="87fb0bdc-a438-545a-107e-9db2482a90ab" testName="MyDietitianMobileApp.Api.Tests.Recipes.KitchenMatchScoringTests.SCR08_MandatoryCoveragePct_CorrectForPartialMatch" computerName="DESKTOP-4UQ0AMN" duration="00:00:00.0012868" startTime="2026-05-08T13:33:42.1292060+03:00" endTime="2026-05-08T13:33:42.1292061+03:00" testType="13cdc9d9-ddb5-4fa4-a97d-d965ccfc6d4b" outcome="Passed" testListId="8c84fa94-04c1-424b-9868-57a2d4851a1d" relativeResultsDirectory="f3cadab2-d779-4059-b994-ac6546d02a53">
      <Output>
        <StdOut>SCR08: coverage=60% raw=914</StdOut>
      </Output>
    </UnitTestResult>
    <UnitTestResult executionId="32a7da62-8508-4641-abab-6776dc0ce139" testId="4390d9b1-ec32-0932-c772-630e025fc920" testName="MyDietitianMobileApp.Api.Tests.Ingredients.LlmNormalizationTests.IExtra_LlmException_FallsBackToUnmatched" computerName="DESKTOP-4UQ0AMN" duration="00:00:00.0257113" startTime="2026-05-08T13:33:43.7191848+03:00" endTime="2026-05-08T13:33:43.7191849+03:00" testType="13cdc9d9-ddb5-4fa4-a97d-d965ccfc6d4b" outcome="Passed" testListId="8c84fa94-04c1-424b-9868-57a2d4851a1d" relativeResultsDirectory="32a7da62-8508-4641-abab-6776dc0ce139" />
    <UnitTestResult executionId="ec5c6c30-8000-4d4e-8798-49163ce88eb5" testId="68a3b01b-8dde-5551-bd80-5acad553ede9" testName="MyDietitianMobileApp.Api.Tests.Ingredients.FuzzyNormalizationTests.FuzzyMatcher_Similarity_ReturnsExpectedRange(a: &quot;yogurt&quot;, b: &quot;yogurt&quot;, expectedMin: 1)" computerName="DESKTOP-4UQ0AMN" duration="00:00:00.0000131" startTime="2026-05-08T13:33:43.7832505+03:00" endTime="2026-05-08T13:33:43.7832506+03:00" testType="13cdc9d9-ddb5-4fa4-a97d-d965ccfc6d4b" outcome="Passed" testListId="8c84fa94-04c1-424b-9868-57a2d4851a1d" relativeResultsDirectory="ec5c6c30-8000-4d4e-8798-49163ce88eb5">
      <Output>
        <StdOut>Similarity('yogurt', 'yogurt') = 1,0000</StdOut>
      </Output>
    </UnitTestResult>
    <UnitTestResult executionId="3183a3d1-1cdf-40f6-ad98-44bde646e5a9" testId="78d0b808-d3a5-0448-fce7-e30ddc2020b0" testName="MyDietitianMobileApp.Api.Tests.Ingredients.LlmNormalizationTests.I7a_LlmLowConfidence_ReturnedAsAmbiguousOrUnmatched" computerName="DESKTOP-4UQ0AMN" duration="00:00:00.0232599" startTime="2026-05-08T13:33:43.7265432+03:00" endTime="2026-05-08T13:33:43.7265434+03:00" testType="13cdc9d9-ddb5-4fa4-a97d-d965ccfc6d4b" outcome="Passed" testListId="8c84fa94-04c1-424b-9868-57a2d4851a1d" relativeResultsDirectory="3183a3d1-1cdf-40f6-ad98-44bde646e5a9">
      <Output>
        <StdOut>Status=Ambiguous, Confidence=0,646&#xD;
✓ Low-confidence LLM result not accepted as a definitive match</StdOut>
      </Output>
    </UnitTestResult>
    <UnitTestResult executionId="4705fd50-8f17-463a-92a7-d1b1b776b3cd" testId="1b0fe5e3-9f54-bde1-ba34-fd77cb0c1d59" testName="MyDietitianMobileApp.Api.Tests.Ingredients.IngredientNormalizationServiceTests.Fuzzy_Duplicate_Rows_With_Same_CanonicalIdentity_Are_Collapsed_Deterministically" computerName="DESKTOP-4UQ0AMN" duration="00:00:00.0048371" startTime="2026-05-08T13:33:43.5828134+03:00" endTime="2026-05-08T13:33:43.5828135+03:00" testType="13cdc9d9-ddb5-4fa4-a97d-d965ccfc6d4b" outcome="Passed" testListId="8c84fa94-04c1-424b-9868-57a2d4851a1d" relativeResultsDirectory="4705fd50-8f17-463a-92a7-d1b1b776b3cd" />
    <UnitTestResult executionId="2a01dcb3-bb3a-4987-8fae-fe45915fa4b4" testId="3ca8456e-a6f8-3226-e699-02813096c2f5" testName="MyDietitianMobileApp.Api.Tests.Auth.AuthRateLimitTests.Exceeding_Auth_Rate_Limit_Results_In_429" computerName="DESKTOP-4UQ0AMN" duration="00:00:00.0010000" startTime="2026-05-08T13:33:44.0126491+03:00" endTime="2026-05-08T13:33:44.0126493+03:00" testType="13cdc9d9-ddb5-4fa4-a97d-d965ccfc6d4b" outcome="NotExecuted" testListId="8c84fa94-04c1-424b-9868-57a2d4851a1d" relativeResultsDirectory="2a01dcb3-bb3a-4987-8fae-fe45915fa4b4">
      <Output>
        <ErrorInfo>
          <Message>Requires stable test user data; enable when integration test environment is ready</Message>
        </ErrorInfo>
      </Output>
    </UnitTestResult>
    <UnitTestResult executionId="9f025d86-7d0a-43ac-902a-56691c65832a" testId="681bf426-de6e-a5fd-421c-59a61628ae95" testName="MyDietitianMobileApp.Api.Tests.Ingredients.FuzzyNormalizationTests.TurkishFold_StripsExpectedDiacritics(input: &quot;yoğurt&quot;, expected: &quot;yogurt&quot;)" computerName="DESKTOP-4UQ0AMN" duration="00:00:00.0002742" startTime="2026-05-08T13:33:43.7396280+03:00" endTime="2026-05-08T13:33:43.7396281+03:00" testType="13cdc9d9-ddb5-4fa4-a97d-d965ccfc6d4b" outcome="Passed" testListId="8c84fa94-04c1-424b-9868-57a2d4851a1d" relativeResultsDirectory="9f025d86-7d0a-43ac-902a-56691c65832a">
      <Output>
        <StdOut>TurkishFold('yoğurt') = 'yogurt'</StdOut>
      </Output>
    </UnitTestResult>
    <UnitTestResult executionId="f10335ed-f9aa-4544-893d-5f09f26af44a" testId="1ffcd383-11e0-b088-4f2f-1501a58ee423" testName="MyDietitianMobileApp.Api.Tests.Ingredients.FuzzyNormalizationTests.FuzzyLayer_TypoInput_MatchesYogurt" computerName="DESKTOP-4UQ0AMN" duration="00:00:00.0037155" startTime="2026-05-08T13:33:43.7830439+03:00" endTime="2026-05-08T13:33:43.7830440+03:00" testType="13cdc9d9-ddb5-4fa4-a97d-d965ccfc6d4b" outcome="Passed" testListId="8c84fa94-04c1-424b-9868-57a2d4851a1d" relativeResultsDirectory="f10335ed-f9aa-4544-893d-5f09f26af44a">
      <Output>
        <StdOut>Input: yogrt → Yoğurt (Fuzzy, conf=0,7471)&#xD;
Explanation: Fuzzy match: 'Yoğurt' (score 0,833, no competing candidate).</StdOut>
      </Output>
    </UnitTestResult>
    <UnitTestResult executionId="058d53f1-3de0-4dd3-9523-a27663cca009" testId="3db43041-2219-fde2-f98c-2766b69578bd" testName="MyDietitianMobileApp.Api.Tests.Recipes.RecipeEvaluatorScenarioTests.RE07_ClinicPartial_DoesNotOutrankPublicFull" computerName="DESKTOP-4UQ0AMN" duration="00:00:00.0321155" startTime="2026-05-08T13:33:44.1241972+03:00" endTime="2026-05-08T13:33:44.1241975+03:00" testType="13cdc9d9-ddb5-4fa4-a97d-d965ccfc6d4b" outcome="Passed" testListId="8c84fa94-04c1-424b-9868-57a2d4851a1d" relativeResultsDirectory="058d53f1-3de0-4dd3-9523-a27663cca009">
      <Output>
        <StdOut>RE07: clinic%=0 public%=100</StdOut>
      </Output>
    </UnitTestResult>
    <UnitTestResult executionId="bf1cc464-3823-4fdd-aa50-a8a8b041a9f5" testId="7b032431-7e57-2c39-0b92-058cca45546e" testName="MyDietitianMobileApp.Api.Tests.Taxonomy.TaxonomyToEngineIntegrationTests.NotCompatible_Rule_Yields_No_Substitute_And_Recipe_Is_Not_Cookable" computerName="DESKTOP-4UQ0AMN" duration="00:00:00.0081352" startTime="2026-05-08T13:33:43.6199863+03:00" endTime="2026-05-08T13:33:43.6199865+03:00" testType="13cdc9d9-ddb5-4fa4-a97d-d965ccfc6d4b" outcome="Passed" testListId="8c84fa94-04c1-424b-9868-57a2d4851a1d" relativeResultsDirectory="bf1cc464-3823-4fdd-aa50-a8a8b041a9f5" />
    <UnitTestResult executionId="5a9331d6-ad49-4f43-b1aa-cdf74dc04ed2" testId="45a25c98-0e37-fd3e-f4ee-5d9536f3c455" testName="MyDietitianMobileApp.Api.Tests.Benchmarks.BenchmarkRunnerTests.RunMultimodalAcquisitionBenchmark_WithInMemoryDataset_ProducesPerSourceMetrics" computerName="DESKTOP-4UQ0AMN" duration="00:00:01.4750806" startTime="2026-05-08T13:33:43.5812491+03:00" endTime="2026-05-08T13:33:43.5812492+03:00" testType="13cdc9d9-ddb5-4fa4-a97d-d965ccfc6d4b" outcome="Passed" testListId="8c84fa94-04c1-424b-9868-57a2d4851a1d" relativeResultsDirectory="5a9331d6-ad49-4f43-b1aa-cdf74dc04ed2" />
    <UnitTestResult executionId="c6f820d7-02df-400f-9d2e-0a3a5e9b6bf2" testId="ee211436-e96a-06dd-9c0a-47b404d0b1e4" testName="MyDietitianMobileApp.Api.Tests.Benchmarks.BenchmarkRunnerTests.RunRecommendationBenchmark_WithInMemoryDataset_ProducesCorrectMetrics" computerName="DESKTOP-4UQ0AMN" duration="00:00:00.0525776" startTime="2026-05-08T13:33:43.9553923+03:00" endTime="2026-05-08T13:33:43.9553926+03:00" testType="13cdc9d9-ddb5-4fa4-a97d-d965ccfc6d4b" outcome="Passed" testListId="8c84fa94-04c1-424b-9868-57a2d4851a1d" relativeResultsDirectory="c6f820d7-02df-400f-9d2e-0a3a5e9b6bf2" />
    <UnitTestResult executionId="de9c05d2-f512-4c7f-a9fe-eb3c5add4204" testId="d96c4b02-7c96-99a1-bcf8-dbdc802a3b5a" testName="MyDietitianMobileApp.Api.Tests.Ingredients.FuzzyNormalizationTests.TurkishFold_StripsExpectedDiacritics(input: &quot;süt&quot;, expected: &quot;sut&quot;)" computerName="DESKTOP-4UQ0AMN" duration="00:00:00.0000075" startTime="2026-05-08T13:33:43.7398315+03:00" endTime="2026-05-08T13:33:43.7398315+03:00" testType="13cdc9d9-ddb5-4fa4-a97d-d965ccfc6d4b" outcome="Passed" testListId="8c84fa94-04c1-424b-9868-57a2d4851a1d" relativeResultsDirectory="de9c05d2-f512-4c7f-a9fe-eb3c5add4204">
      <Output>
        <StdOut>TurkishFold('süt') = 'sut'</StdOut>
      </Output>
    </UnitTestResult>
    <UnitTestResult executionId="34d13eb3-0395-41e1-8190-018a1fbd8329" testId="933eaf49-4fd6-62d2-eafb-1a6edfe02883" testName="MyDietitianMobileApp.Api.Tests.Recipes.TenantIsolationTests.TI06_PublicHigherScore_vs_ClinicLowerScore_RankingCorrect" computerName="DESKTOP-4UQ0AMN" duration="00:00:00.0008822" startTime="2026-05-08T13:33:43.6323886+03:00" endTime="2026-05-08T13:33:43.6323887+03:00" testType="13cdc9d9-ddb5-4fa4-a97d-d965ccfc6d4b" outcome="Passed" testListId="8c84fa94-04c1-424b-9868-57a2d4851a1d" relativeResultsDirectory="34d13eb3-0395-41e1-8190-018a1fbd8329">
      <Output>
        <StdOut>TI06: ranked[0]=Genel-Yüksek score=100&#xD;
TI06: ranked[1]=Klinik-Düşük score=100</StdOut>
      </Output>
    </UnitTestResult>
    <UnitTestResult executionId="9e477fc0-f9f8-4792-b51f-b69f3df3db33" testId="c3ecf6cf-a7c2-9387-473e-225ab83bf161" testName="MyDietitianMobileApp.Api.Tests.Recipes.PremiumKitchenMatchPolicyTests.StructuredIngredient_EmptyRecipe_Excluded_From_Scoring_Contract" computerName="DESKTOP-4UQ0AMN" duration="00:00:00.0003560" startTime="2026-05-08T13:33:42.1293001+03:00" endTime="2026-05-08T13:33:42.1293002+03:00" testType="13cdc9d9-ddb5-4fa4-a97d-d965ccfc6d4b" outcome="Passed" testListId="8c84fa94-04c1-424b-9868-57a2d4851a1d" relativeResultsDirectory="9e477fc0-f9f8-4792-b51f-b69f3df3db33" />
    <UnitTestResult executionId="babbebd2-8319-4072-8374-ff24894a4733" testId="ada61d53-2f1b-e05b-4bb8-b96e5d41a7f5" testName="MyDietitianMobileApp.Api.Tests.Ingredients.FuzzyNormalizationTests.TurkishFold_StripsExpectedDiacritics(input: &quot;kasar&quot;, expected: &quot;kasar&quot;)" computerName="DESKTOP-4UQ0AMN" duration="00:00:00.0000087" startTime="2026-05-08T13:33:43.7397638+03:00" endTime="2026-05-08T13:33:43.7397639+03:00" testType="13cdc9d9-ddb5-4fa4-a97d-d965ccfc6d4b" outcome="Passed" testListId="8c84fa94-04c1-424b-9868-57a2d4851a1d" relativeResultsDirectory="babbebd2-8319-4072-8374-ff24894a4733">
      <Output>
        <StdOut>TurkishFold('kasar') = 'kasar'</StdOut>
      </Output>
    </UnitTestResult>
    <UnitTestResult executionId="387cf420-866c-4504-9739-fd85b7d32620" testId="7b5b5071-e2b3-df84-41cf-a2fa18df8024" testName="MyDietitianMobileApp.Api.Tests.Recipes.RecipeEvaluatorScenarioTests.RE02_ExactlyOneMandatoryAbsent_IsOneMissing" computerName="DESKTOP-4UQ0AMN" duration="00:00:00.0008927" startTime="2026-05-08T13:33:44.0847017+03:00" endTime="2026-05-08T13:33:44.0847018+03:00" testType="13cdc9d9-ddb5-4fa4-a97d-d965ccfc6d4b" outcome="Passed" testListId="8c84fa94-04c1-424b-9868-57a2d4851a1d" relativeResultsDirectory="387cf420-866c-4504-9739-fd85b7d32620">
      <Output>
        <StdOut>RE02: missing=1 missingId=953ebc91-cd2f-4073-95cd-11bb4c3366ec</StdOut>
      </Output>
    </UnitTestResult>
    <UnitTestResult executionId="9f679f36-b492-48f1-bf2a-eff96db24b24" testId="1c7f1f66-2ff9-6057-4852-c6047547ddde" testName="MyDietitianMobileApp.Api.Tests.Recipes.KitchenMatchScoringTests.SCR05_FullMatch_AlwaysOutscores_OneMissing" computerName="DESKTOP-4UQ0AMN" duration="00:00:00.0006031" startTime="2026-05-08T13:33:42.1294709+03:00" endTime="2026-05-08T13:33:42.1294710+03:00" testType="13cdc9d9-ddb5-4fa4-a97d-d965ccfc6d4b" outcome="Passed" testListId="8c84fa94-04c1-424b-9868-57a2d4851a1d" relativeResultsDirectory="9f679f36-b492-48f1-bf2a-eff96db24b24">
      <Output>
        <StdOut>SCR05: FULL=0,3169  ONE_MISSING=0,2988</StdOut>
      </Output>
    </UnitTestResult>
    <UnitTestResult executionId="fb71346b-5880-4430-82c1-41eab5725b38" testId="983ff93b-0a88-1880-3f98-160cfc832c5f" testName="MyDietitianMobileApp.Api.Tests.Seeds.LiveBenchmarkDiagnosticsTests.LiveBenchmarkDiagnostics_Should_Report_Current_Data_Collisions" computerName="DESKTOP-4UQ0AMN" duration="00:00:00.9808013" startTime="2026-05-08T13:33:44.9910071+03:00" endTime="2026-05-08T13:33:44.9910078+03:00" testType="13cdc9d9-ddb5-4fa4-a97d-d965ccfc6d4b" outcome="Passed" testListId="8c84fa94-04c1-424b-9868-57a2d4851a1d" relativeResultsDirectory="fb71346b-5880-4430-82c1-41eab5725b38">
      <Output>
        <StdOut>{&#xD;
  "generatedAtUtc": "2026-05-08T10:33:44.4263559Z",&#xD;
  "duplicateRecipeNames": [&#xD;
    {&#xD;
      "Name": "Izgara Somon",&#xD;
      "Count": 2&#xD;
    },&#xD;
    {&#xD;
      "Name": "Nohutlu Ispanak",&#xD;
      "Count": 2&#xD;
    }&#xD;
  ],&#xD;
  "duplicateCanonicalIngredientNames": [&#xD;
    {&#xD;
      "CanonicalKey": "s\u00FCt",&#xD;
      "Count": 3&#xD;
    },&#xD;
    {&#xD;
      "CanonicalKey": "bal",&#xD;
      "Count": 2&#xD;
    },&#xD;
    {&#xD;
      "CanonicalKey": "brokoli",&#xD;
      "Count": 2&#xD;
    },&#xD;
    {&#xD;
      "CanonicalKey": "\u00E7ilek",&#xD;
      "Count": 2&#xD;
    },&#xD;
    {&#xD;
      "CanonicalKey": "hindi g\u00F6\u011Fs\u00FC",&#xD;
      "Count": 2&#xD;
    },&#xD;
    {&#xD;
      "CanonicalKey": "ka\u015Far peyniri",&#xD;
      "Count": 2&#xD;
    },&#xD;
    {&#xD;
      "CanonicalKey": "kinoa",&#xD;
      "Count": 2&#xD;
    },&#xD;
    {&#xD;
      "CanonicalKey": "kivi",&#xD;
      "Count": 2&#xD;
    },&#xD;
    {&#xD;
      "CanonicalKey": "muz",&#xD;
      "Count": 2&#xD;
    },&#xD;
    {&#xD;
      "CanonicalKey": "portakal",&#xD;
      "Count": 2&#xD;
    },&#xD;
    {&#xD;
      "CanonicalKey": "tavuk g\u00F6\u011Fs\u00FC",&#xD;
      "Count": 2&#xD;
    },&#xD;
    {&#xD;
      "CanonicalKey": "tereya\u011F\u0131",&#xD;
      "Count": 2&#xD;
    },&#xD;
    {&#xD;
      "CanonicalKey": "ton bal\u0131\u011F\u0131",&#xD;
      "Count": 2&#xD;
    },&#xD;
    {&#xD;
      "CanonicalKey": "yo\u011Furt",&#xD;
      "Count": 2&#xD;
    },&#xD;
    {&#xD;
      "CanonicalKey": "yulaf",&#xD;
      "Count": 2&#xD;
    },&#xD;
    {&#xD;
      "CanonicalKey": "yumurta",&#xD;
      "Count": 2&#xD;
    },&#xD;
    {&#xD;
      "CanonicalKey": "zeytinya\u011F\u0131",&#xD;
      "Count": 2&#xD;
    }&#xD;
  ],&#xD;
  "duplicateIngredientAliases": [&#xD;
    {&#xD;
      "AliasKey": "cottage cheese",&#xD;
      "Count": 3&#xD;
    },&#xD;
    {&#xD;
      "AliasKey": "cottage-cheese",&#xD;
      "Count": 3&#xD;
    },&#xD;
    {&#xD;
      "AliasKey": "cottagecheese",&#xD;
      "Count": 3&#xD;
    },&#xD;
    {&#xD;
      "AliasKey": "curd cheese",&#xD;
      "Count": 3&#xD;
    },&#xD;
    {&#xD;
      "AliasKey": "curd-cheese",&#xD;
      "Count": 3&#xD;
    },&#xD;
    {&#xD;
      "AliasKey": "curdcheese",&#xD;
      "Count": 3&#xD;
    },&#xD;
    {&#xD;
      "AliasKey": "dolmalik biber",&#xD;
      "Count": 3&#xD;
    },&#xD;
    {&#xD;
      "AliasKey": "dolmalik-biber",&#xD;
      "Count": 3&#xD;
    },&#xD;
    {&#xD;
      "AliasKey": "dolmalikbiber",&#xD;
      "Count": 3&#xD;
    },&#xD;
    {&#xD;
      "AliasKey": "dolmal\u0131k biber",&#xD;
      "Count": 3&#xD;
    },&#xD;
    {&#xD;
      "AliasKey": "dolmal\u0131k-biber",&#xD;
      "Count": 3&#xD;
    },&#xD;
    {&#xD;
      "AliasKey": "dolmal\u0131kbiber",&#xD;
      "Count": 3&#xD;
    },&#xD;
    {&#xD;
      "AliasKey": "milk",&#xD;
      "Count": 3&#xD;
    },&#xD;
    {&#xD;
      "AliasKey": "oat",&#xD;
      "Count": 3&#xD;
    },&#xD;
    {&#xD;
      "AliasKey": "oats",&#xD;
      "Count": 3&#xD;
    },&#xD;
    {&#xD;
      "AliasKey": "rolled oats",&#xD;
      "Count": 3&#xD;
    },&#xD;
    {&#xD;
      "AliasKey": "sut",&#xD;
      "Count": 3&#xD;
    },&#xD;
    {&#xD;
      "AliasKey": "s\u00FCt",&#xD;
      "Count": 3&#xD;
    },&#xD;
    {&#xD;
      "AliasKey": "yulaf",&#xD;
      "Count": 3&#xD;
    },&#xD;
    {&#xD;
      "AliasKey": "aci biber",&#xD;
      "Count": 2&#xD;
    },&#xD;
    {&#xD;
      "AliasKey": "aci-biber",&#xD;
      "Count": 2&#xD;
    },&#xD;
    {&#xD;
      "AliasKey": "acibiber",&#xD;
      "Count": 2&#xD;
    },&#xD;
    {&#xD;
      "AliasKey": "aci sivri biber",&#xD;
      "Count": 2&#xD;
    },&#xD;
    {&#xD;
      "AliasKey": "aci-sivri-biber",&#xD;
      "Count": 2&#xD;
    },&#xD;
    {&#xD;
      "AliasKey": "acisivribiber",&#xD;
      "Count": 2&#xD;
    },&#xD;
    {&#xD;
      "AliasKey": "ac\u0131 biber",&#xD;
      "Count": 2&#xD;
    },&#xD;
    {&#xD;
      "AliasKey": "ac\u0131-biber",&#xD;
      "Count": 2&#xD;
    },&#xD;
    {&#xD;
      "AliasKey": "ac\u0131biber",&#xD;
      "Count": 2&#xD;
    },&#xD;
    {&#xD;
      "AliasKey": "ac\u0131 sivri biber",&#xD;
      "Count": 2&#xD;
    },&#xD;
    {&#xD;
      "AliasKey": "ac\u0131-sivri-biber",&#xD;
      "Count": 2&#xD;
    },&#xD;
    {&#xD;
      "AliasKey": "ac\u0131sivribiber",&#xD;
      "Count": 2&#xD;
    },&#xD;
    {&#xD;
      "AliasKey": "bal",&#xD;
      "Count": 2&#xD;
    },&#xD;
    {&#xD;
      "AliasKey": "baldo pirinc",&#xD;
      "Count": 2&#xD;
    },&#xD;
    {&#xD;
      "AliasKey": "baldo-pirinc",&#xD;
      "Count": 2&#xD;
    },&#xD;
    {&#xD;
      "AliasKey": "baldopirinc",&#xD;
      "Count": 2&#xD;
    },&#xD;
    {&#xD;
      "AliasKey": "baldo pirin\u00E7",&#xD;
      "Count": 2&#xD;
    },&#xD;
    {&#xD;
      "AliasKey": "baldo-pirin\u00E7",&#xD;
      "Count": 2&#xD;
    },&#xD;
    {&#xD;
      "AliasKey": "baldopirin\u00E7",&#xD;
      "Count": 2&#xD;
    },&#xD;
    {&#xD;
      "AliasKey": "baldo rice",&#xD;
      "Count": 2&#xD;
    },&#xD;
    {&#xD;
      "AliasKey": "baldo-rice",&#xD;
      "Count": 2&#xD;
    },&#xD;
    {&#xD;
      "AliasKey": "baldorice",&#xD;
      "Count": 2&#xD;
    },&#xD;
    {&#xD;
      "AliasKey": "banana",&#xD;
      "Count": 2&#xD;
    },&#xD;
    {&#xD;
      "AliasKey": "bean",&#xD;
      "Count": 2&#xD;
    },&#xD;
    {&#xD;
      "AliasKey": "beans",&#xD;
      "Count": 2&#xD;
    },&#xD;
    {&#xD;
      "AliasKey": "beef mince",&#xD;
      "Count": 2&#xD;
    },&#xD;
    {&#xD;
      "AliasKey": "beef-mince",&#xD;
      "Count": 2&#xD;
    },&#xD;
    {&#xD;
      "AliasKey": "beefmince",&#xD;
      "Count": 2&#xD;
    },&#xD;
    {&#xD;
      "AliasKey": "bell pepper",&#xD;
      "Count": 2&#xD;
    },&#xD;
    {&#xD;
      "AliasKey": "bell-pepper",&#xD;
      "Count": 2&#xD;
    },&#xD;
    {&#xD;
      "AliasKey": "bellpepper",&#xD;
      "Count": 2&#xD;
    }&#xD;
  ],&#xD;
  "focusedIngredientMatches": [&#xD;
    {&#xD;
      "Id": "55494904-b1b3-4ad7-a120-74f7d31da8b6",&#xD;
      "CanonicalName": "Ayran",&#xD;
      "AliasesJson": "[\u0022Ayran\u0022, \u0022yogurt drink\u0022, \u0022yogurt-drink\u0022, \u0022yogurtdrink\u0022, \u0022taze ayran\u0022, \u0022taze-ayran\u0022, \u0022tazeayran\u0022]"&#xD;
    },&#xD;
    {&#xD;
      "Id": "ee00000b-0000-0000-0000-000000000000",&#xD;
      "CanonicalName": "Domates",&#xD;
      "AliasesJson": "[\u0022Domates\u0022, \u0022domates\u0022, \u0022tomato\u0022, \u0022tomatoes\u0022, \u0022tomat\u0022, \u0022kiraz domates\u0022, \u0022kiraz-domates\u0022, \u0022kirazdomates\u0022, \u0022sal\u00E7a\u0022, \u0022salca\u0022]"&#xD;
    },&#xD;
    {&#xD;
      "Id": "e9b007c7-b944-4bcd-9fcf-410a96748f93",&#xD;
      "CanonicalName": "Domates Sal\u00E7as\u0131",&#xD;
      "AliasesJson": "[\u0022Domates Sal\u00E7as\u0131\u0022, \u0022domates-sal\u00E7as\u0131\u0022, \u0022domatessal\u00E7as\u0131\u0022, \u0022domates-salcasi\u0022, \u0022domates salcasi\u0022, \u0022domatessalcasi\u0022, \u0022tomato paste\u0022, \u0022tomato-paste\u0022, \u0022tomatopaste\u0022, \u0022sal\u00E7a\u0022, \u0022salca\u0022]"&#xD;
    },&#xD;
    {&#xD;
      "Id": "9131cbaa-899e-5906-bb10-7847db3f2a3d",&#xD;
      "CanonicalName": "Domates Sosu",&#xD;
      "AliasesJson": "[\u0022Domates Sosu\u0022, \u0022domates-sosu\u0022, \u0022domatessosu\u0022, \u0022tomato sauce\u0022, \u0022tomato-sauce\u0022, \u0022tomatosauce\u0022]"&#xD;
    },&#xD;
    {&#xD;
      "Id": "6ad47e5e-954f-4bb0-9df2-1940a1ae800f",&#xD;
      "CanonicalName": "Labne",&#xD;
      "AliasesJson": "[\u0022Labne\u0022, \u0022labneh\u0022, \u0022cream cheese style yogurt\u0022, \u0022cream-cheese-style-yogurt\u0022, \u0022creamcheesestyleyogurt\u0022, \u0022taze labne\u0022, \u0022taze-labne\u0022, \u0022tazelabne\u0022]"&#xD;
    },&#xD;
    {&#xD;
      "Id": "0385948b-ecfa-44b1-a7a6-6a87e830112b",&#xD;
      "CanonicalName": "Laktozsuz Yo\u011Furt",&#xD;
      "AliasesJson": "[\u0022Laktozsuz Yo\u011Furt\u0022, \u0022laktozsuz-yo\u011Furt\u0022, \u0022laktozsuzyo\u011Furt\u0022, \u0022laktozsuz-yogurt\u0022, \u0022laktozsuz yogurt\u0022, \u0022laktozsuzyogurt\u0022, \u0022lactose free yogurt\u0022, \u0022lactose-free-yogurt\u0022, \u0022lactosefreeyogurt\u0022, \u0022lactose-free yogurt\u0022, \u0022lactose-freeyogurt\u0022, \u0022lactose free yoghurt\u0022, \u0022lactose-free-yoghurt\u0022, \u0022lactosefreeyoghurt\u0022, \u0022laktoz-free yo\u011Furt\u0022, \u0022laktoz-free-yo\u011Furt\u0022, \u0022laktoz-freeyo\u011Furt\u0022, \u0022laktoz-free-yogurt\u0022, \u0022laktoz-free yogurt\u0022, \u0022laktoz-freeyogurt\u0022, \u0022laktoz free yo\u011Furt\u0022, \u0022laktozfreeyo\u011Furt\u0022, \u0022laktoz free yogurt\u0022, \u0022laktozfreeyogurt\u0022]"&#xD;
    },&#xD;
    {&#xD;
      "Id": "ae301e15-ed3e-4c02-b944-518765afbebf",&#xD;
      "CanonicalName": "Meyveli Yo\u011Furt",&#xD;
      "AliasesJson": "[\u0022Meyveli Yo\u011Furt\u0022, \u0022meyveli-yo\u011Furt\u0022, \u0022meyveliyo\u011Furt\u0022, \u0022meyveli-yogurt\u0022, \u0022meyveli yogurt\u0022, \u0022meyveliyogurt\u0022, \u0022fruit yogurt\u0022, \u0022fruit-yogurt\u0022, \u0022fruityogurt\u0022, \u0022fruit yoghurt\u0022, \u0022fruit-yoghurt\u0022, \u0022fruityoghurt\u0022, \u0022aromal\u0131 yo\u011Furt\u0022, \u0022aromal\u0131-yo\u011Furt\u0022, \u0022aromal\u0131yo\u011Furt\u0022, \u0022aromali-yogurt\u0022, \u0022aromali yogurt\u0022, \u0022aromaliyogurt\u0022, \u0022\u00E7ilekli yo\u011Furt\u0022, \u0022\u00E7ilekli-yo\u011Furt\u0022, \u0022\u00E7ilekliyo\u011Furt\u0022, \u0022cilekli-yogurt\u0022, \u0022cilekli yogurt\u0022, \u0022cilekliyogurt\u0022]"&#xD;
    },&#xD;
    {&#xD;
      "Id": "ee00000f-0000-0000-0000-000000000000",&#xD;
      "CanonicalName": "Sar\u0131msak",&#xD;
      "AliasesJson": "[\u0022Sar\u0131msak\u0022, \u0022sarimsak\u0022, \u0022garlic\u0022, \u0022garlic clove\u0022, \u0022garlic-clove\u0022, \u0022garlicclove\u0022, \u0022taze sar\u0131msak\u0022, \u0022taze-sar\u0131msak\u0022, \u0022tazesar\u0131msak\u0022, \u0022taze-sarimsak\u0022, \u0022taze sarimsak\u0022, \u0022tazesarimsak\u0022, \u0022ezilmi\u015F sar\u0131msak\u0022, \u0022ezilmi\u015F-sar\u0131msak\u0022, \u0022ezilmi\u015Fsar\u0131msak\u0022, \u0022ezilmis-sarimsak\u0022, \u0022ezilmis sarimsak\u0022, \u0022ezilmissarimsak\u0022]"&#xD;
    },&#xD;
    {&#xD;
      "Id": "ee00000e-0000-0000-0000-000000000000",&#xD;
      "CanonicalName": "So\u011Fan",&#xD;
      "AliasesJson": "[\u0022So\u011Fan\u0022, \u0022sogan\u0022, \u0022onion\u0022, \u0022onions\u0022, \u0022red onion\u0022, \u0022red-onion\u0022, \u0022redonion\u0022, \u0022kuru so\u011Fan\u0022, \u0022kuru-so\u011Fan\u0022, \u0022kuruso\u011Fan\u0022, \u0022kuru-sogan\u0022, \u0022kuru sogan\u0022, \u0022kurusogan\u0022, \u0022dry onion\u0022, \u0022dry-onion\u0022, \u0022dryonion\u0022, \u0022k\u0131rm\u0131z\u0131 so\u011Fan\u0022, \u0022k\u0131rm\u0131z\u0131-so\u011Fan\u0022, \u0022k\u0131rm\u0131z\u0131so\u011Fan\u0022, \u0022kirmizi-sogan\u0022, \u0022kirmizi sogan\u0022, \u0022kirmizisogan\u0022]"&#xD;
    },&#xD;
    {&#xD;
      "Id": "ee000002-0000-0000-0000-000000000000",&#xD;
      "CanonicalName": "S\u00FCzme Yo\u011Furt",&#xD;
      "AliasesJson": "[\u0022S\u00FCzme Yo\u011Furt\u0022, \u0022s\u00FCzme-yo\u011Furt\u0022, \u0022s\u00FCzmeyo\u011Furt\u0022, \u0022suzme-yogurt\u0022, \u0022suzme yogurt\u0022, \u0022suzmeyogurt\u0022, \u0022strained yogurt\u0022, \u0022strained-yogurt\u0022, \u0022strainedyogurt\u0022, \u0022strained yoghurt\u0022, \u0022strained-yoghurt\u0022, \u0022strainedyoghurt\u0022, \u0022greek yogurt\u0022, \u0022greek-yogurt\u0022, \u0022greekyogurt\u0022, \u0022greek yoghurt\u0022, \u0022greek-yoghurt\u0022, \u0022greekyoghurt\u0022, \u0022suzme yo\u011Furt\u0022, \u0022suzme-yo\u011Furt\u0022, \u0022suzmeyo\u011Furt\u0022, \u0022labne\u0022, \u0022thick yogurt\u0022, \u0022thick-yogurt\u0022, \u0022thickyogurt\u0022, \u0022koyu yo\u011Furt\u0022, \u0022koyu-yo\u011Furt\u0022, \u0022koyuyo\u011Furt\u0022, \u0022koyu-yogurt\u0022, \u0022koyu yogurt\u0022, \u0022koyuyogurt\u0022, \u0022s\u00FCzme yogurt\u0022, \u0022s\u00FCzme-yogurt\u0022, \u0022s\u00FCzmeyogurt\u0022]"&#xD;
    },&#xD;
    {&#xD;
      "Id": "cdd0b532-2220-46e5-aeb2-2f9cac98c17c",&#xD;
      "CanonicalName": "Taze Sar\u0131msak",&#xD;
      "AliasesJson": "[\u0022Taze Sar\u0131msak\u0022, \u0022taze-sar\u0131msak\u0022, \u0022tazesar\u0131msak\u0022, \u0022taze-sarimsak\u0022, \u0022taze sarimsak\u0022, \u0022tazesarimsak\u0022, \u0022green garlic\u0022, \u0022green-garlic\u0022, \u0022greengarlic\u0022]"&#xD;
    },&#xD;
    {&#xD;
      "Id": "83a8dbac-b740-40f9-8af6-c2ff2bbf3f63",&#xD;
      "CanonicalName": "Taze So\u011Fan",&#xD;
      "AliasesJson": "[\u0022Taze So\u011Fan\u0022, \u0022taze-so\u011Fan\u0022, \u0022tazeso\u011Fan\u0022, \u0022taze-sogan\u0022, \u0022taze sogan\u0022, \u0022tazesogan\u0022, \u0022scallion\u0022, \u0022ye\u015Fil so\u011Fan\u0022, \u0022ye\u015Fil-so\u011Fan\u0022, \u0022ye\u015Filso\u011Fan\u0022, \u0022yesil-sogan\u0022, \u0022yesil sogan\u0022, \u0022yesilsogan\u0022, \u0022green onion\u0022, \u0022green-onion\u0022, \u0022greenonion\u0022, \u0022spring onion\u0022, \u0022spring-onion\u0022, \u0022springonion\u0022]"&#xD;
    },&#xD;
    {&#xD;
      "Id": "ee000001-0000-0000-0000-000000000000",&#xD;
      "CanonicalName": "Yo\u011Furt",&#xD;
      "AliasesJson": "[\u0022Yo\u011Furt\u0022, \u0022yogurt\u0022, \u0022yoghurt\u0022, \u0022plain yogurt\u0022, \u0022plain-yogurt\u0022, \u0022plainyogurt\u0022, \u0022sade yo\u011Furt\u0022, \u0022sade-yo\u011Furt\u0022, \u0022sadeyo\u011Furt\u0022, \u0022sade-yogurt\u0022, \u0022sade yogurt\u0022, \u0022sadeyogurt\u0022]"&#xD;
    },&#xD;
    {&#xD;
      "Id": "80ddf5f6-1688-4690-a1c5-8cb353ed4a06",&#xD;
      "CanonicalName": "Yo\u011Furt",&#xD;
      "AliasesJson": "[\u0022Yo\u011Furt\u0022, \u0022yogurt\u0022, \u0022yoghurt\u0022, \u0022plain yogurt\u0022, \u0022plain-yogurt\u0022, \u0022plainyogurt\u0022]"&#xD;
    },&#xD;
    {&#xD;
      "Id": "5c061912-16b1-5e7a-9046-43d3c488fbd6",&#xD;
      "CanonicalName": "Yo\u011Furt Sos",&#xD;
      "AliasesJson": "[\u0022Yo\u011Furt Sos\u0022, \u0022yogurt-sos\u0022, \u0022yogurtsos\u0022, \u0022yo\u011Furt-sos\u0022, \u0022yo\u011Furtsos\u0022, \u0022yogurt sos\u0022, \u0022yogurt sauce\u0022, \u0022yogurt-sauce\u0022, \u0022yogurtsauce\u0022]"&#xD;
    }&#xD;
  ]&#xD;
}&#xD;
Report written to: C:\Users\hy971\source\repos\MyDietitianMobileApp\.tmp\live-benchmark-diagnostics.json</StdOut>
      </Output>
    </UnitTestResult>
    <UnitTestResult executionId="805c3a73-550e-4454-ba1c-c85289f8ad58" testId="9eafaa6f-c875-aeff-c2af-a6671dd8c809" testName="MyDietitianMobileApp.Api.Tests.Recipes.RecipeProductionSafetyTests.PS03_HiddenRecipe_NeverReachesEvaluator" computerName="DESKTOP-4UQ0AMN" duration="00:00:00.0013977" startTime="2026-05-08T13:33:42.1319850+03:00" endTime="2026-05-08T13:33:42.1319850+03:00" testType="13cdc9d9-ddb5-4fa4-a97d-d965ccfc6d4b" outcome="Passed" testListId="8c84fa94-04c1-424b-9868-57a2d4851a1d" relativeResultsDirectory="805c3a73-550e-4454-ba1c-c85289f8ad58" />
    <UnitTestResult executionId="54dbab5f-b85c-4e7a-925f-075e7387d27c" testId="3d6b03e8-67ef-12b5-5d0b-11edcff927b2" testName="MyDietitianMobileApp.Api.Tests.Ingredients.LlmNormalizationTests.IExtra_NullLlmClient_BehavesIdenticallyToPreLlmBehavior" computerName="DESKTOP-4UQ0AMN" duration="00:00:00.0050398" startTime="2026-05-08T13:33:43.7193999+03:00" endTime="2026-05-08T13:33:43.7194001+03:00" testType="13cdc9d9-ddb5-4fa4-a97d-d965ccfc6d4b" outcome="Passed" testListId="8c84fa94-04c1-424b-9868-57a2d4851a1d" relativeResultsDirectory="54dbab5f-b85c-4e7a-925f-075e7387d27c">
      <Output>
        <StdOut>Status=Unmatched, MatchedBy=None&#xD;
✓ NullIngredientLlmClient produces same behavior as pre-LLM pipeline</StdOut>
      </Output>
    </UnitTestResult>
    <UnitTestResult executionId="7df17b0f-f814-46ed-8762-e5a31d7e6ffb" testId="f4dc9c43-0daa-25cf-22cb-6340f0291e60" testName="MyDietitianMobileApp.Api.Tests.Ingredients.IngredientNormalizationServiceTests.Exact_Canonical_Match_Returns_Matched_With_Confidence_One" computerName="DESKTOP-4UQ0AMN" duration="00:00:00.0026633" startTime="2026-05-08T13:33:43.5846802+03:00" endTime="2026-05-08T13:33:43.5846803+03:00" testType="13cdc9d9-ddb5-4fa4-a97d-d965ccfc6d4b" outcome="Passed" testListId="8c84fa94-04c1-424b-9868-57a2d4851a1d" relativeResultsDirectory="7df17b0f-f814-46ed-8762-e5a31d7e6ffb" />
    <UnitTestResult executionId="fff230c8-7df4-4807-b2cc-6205a2c5529c" testId="c59387b6-008d-39a5-560b-5b0cf6e22d07" testName="MyDietitianMobileApp.Api.Tests.Ingredients.NormalizedSearchIntegrationTests.Search_MissingDiacritics_SuzmeYogurt_FindsSuzmeYogurt" computerName="DESKTOP-4UQ0AMN" duration="00:00:00.0035293" startTime="2026-05-08T13:33:43.7559976+03:00" endTime="2026-05-08T13:33:43.7559977+03:00" testType="13cdc9d9-ddb5-4fa4-a97d-d965ccfc6d4b" outcome="Passed" testListId="8c84fa94-04c1-424b-9868-57a2d4851a1d" relativeResultsDirectory="fff230c8-7df4-4807-b2cc-6205a2c5529c">
      <Output>
        <StdOut>Search 'suzme yogurt': 1 results, first=Süzme Yoğurt</StdOut>
      </Output>
    </UnitTestResult>
    <UnitTestResult executionId="c0046bea-1ecb-4d71-a549-67b00a2081c9" testId="60a2aabb-d6b2-f70a-ff68-ecac593c354d" testName="MyDietitianMobileApp.Api.Tests.Ingredients.NormalizedSearchIntegrationTests.Search_AmbiguousOrNoisy_DoesNotThrow(query: &quot;yog&quot;)" computerName="DESKTOP-4UQ0AMN" duration="00:00:01.4935400" startTime="2026-05-08T13:33:43.5592315+03:00" endTime="2026-05-08T13:33:43.5592316+03:00" testType="13cdc9d9-ddb5-4fa4-a97d-d965ccfc6d4b" outcome="Passed" testListId="8c84fa94-04c1-424b-9868-57a2d4851a1d" relativeResultsDirectory="c0046bea-1ecb-4d71-a549-67b00a2081c9">
      <Output>
        <StdOut>Search 'yog': 2 results</StdOut>
      </Output>
    </UnitTestResult>
    <UnitTestResult executionId="bf8322ff-5070-4a03-9639-33cd43fa1daa" testId="45550872-b548-0945-e09e-44d64e64c5be" testName="MyDietitianMobileApp.Api.Tests.Ingredients.FuzzyNormalizationTests.FuzzyBenchmark_RunsAndReportsFuzzyCount" computerName="DESKTOP-4UQ0AMN" duration="00:00:00.0149803" startTime="2026-05-08T13:33:43.7674905+03:00" endTime="2026-05-08T13:33:43.7674908+03:00" testType="13cdc9d9-ddb5-4fa4-a97d-d965ccfc6d4b" outcome="Passed" testListId="8c84fa94-04c1-424b-9868-57a2d4851a1d" relativeResultsDirectory="bf8322ff-5070-4a03-9639-33cd43fa1daa">
      <Output>
        <StdOut>[f01] 'yogrt' → ✓ fuzzy 'Yoğurt' conf=0,747&#xD;
[f02] 'karabibr' → ✓ fuzzy 'Karabiber' conf=0,795&#xD;
[f03] 'zeytin yagi' → ✓ fuzzy 'Zeytinyağı' conf=0,890&#xD;
[f04] 'ton balik' → ✓ fuzzy 'Ton Balığı' conf=0,761&#xD;
[f05] 'suzme yogurt' → ✓ fuzzy 'Süzme Yoğurt' conf=0,890&#xD;
[d01] 'Domates' → ✓ canonical 'Domates' conf=1,000&#xD;
[d02] 'inek sütü' → ✓ alias 'Süt' conf=0,950&#xD;
[u01] 'xqzplwvkj' → ✓ unmatched '' conf=0,000&#xD;
&#xD;
=== Benchmark Summary ===&#xD;
Total: 8, Correct: 8, Accuracy: %100,0&#xD;
Fuzzy matches: 5, Fuzzy correct: 5</StdOut>
      </Output>
    </UnitTestResult>
    <UnitTestResult executionId="b5121aff-1992-4f55-a8d2-9780edda32de" testId="57555663-229e-178e-ce7e-eddaab3dfe3f" testName="MyDietitianMobileApp.Api.Tests.Recipes.RecipeRecommendationEngineTests.Best_Alternative_Is_Ranked_Highest_By_Percentage" computerName="DESKTOP-4UQ0AMN" duration="00:00:00.0187259" startTime="2026-05-08T13:33:43.5191675+03:00" endTime="2026-05-08T13:33:43.5191678+03:00" testType="13cdc9d9-ddb5-4fa4-a97d-d965ccfc6d4b" outcome="Passed" testListId="8c84fa94-04c1-424b-9868-57a2d4851a1d" relativeResultsDirectory="b5121aff-1992-4f55-a8d2-9780edda32de" />
    <UnitTestResult executionId="3a515fda-1f22-4a01-9e45-10e67a4e3b92" testId="2a8c0016-8847-967e-f6b3-ddd3fb6542ee" testName="MyDietitianMobileApp.Api.Tests.Ingredients.NormalizedSearchIntegrationTests.Search_ResultShape_HasExpectedFields" computerName="DESKTOP-4UQ0AMN" duration="00:00:00.0063809" startTime="2026-05-08T13:33:43.5811516+03:00" endTime="2026-05-08T13:33:43.5811517+03:00" testType="13cdc9d9-ddb5-4fa4-a97d-d965ccfc6d4b" outcome="Passed" testListId="8c84fa94-04c1-424b-9868-57a2d4851a1d" relativeResultsDirectory="3a515fda-1f22-4a01-9e45-10e67a4e3b92" />
    <UnitTestResult executionId="bc83f7c7-9c17-4bdf-8b80-550d2793c555" testId="deb0cbce-bb77-b6c5-0e01-2915736d4981" testName="MyDietitianMobileApp.Api.Tests.Infrastructure.BarcodeIngredientResolutionServiceTests.ResolveProductAsync_WhenProductNameHasNoSpaces_ShouldMatchTonBaligiRule" computerName="DESKTOP-4UQ0AMN" duration="00:00:00.0030346" startTime="2026-05-08T13:33:44.2359118+03:00" endTime="2026-05-08T13:33:44.2359121+03:00" testType="13cdc9d9-ddb5-4fa4-a97d-d965ccfc6d4b" outcome="Passed" testListId="8c84fa94-04c1-424b-9868-57a2d4851a1d" relativeResultsDirectory="bc83f7c7-9c17-4bdf-8b80-550d2793c555" />
    <UnitTestResult executionId="1f93164d-345c-4865-9689-4da052243406" testId="a4892f31-2d39-84e0-5845-2a3d735d3c2f" testName="MyDietitianMobileApp.Api.Tests.Ingredients.LlmNormalizationTests.I3_LlmNotCalled_WhenFuzzyMatchSucceedsSafely" computerName="DESKTOP-4UQ0AMN" duration="00:00:00.0030244" startTime="2026-05-08T13:33:43.7192743+03:00" endTime="2026-05-08T13:33:43.7192743+03:00" testType="13cdc9d9-ddb5-4fa4-a97d-d965ccfc6d4b" outcome="Passed" testListId="8c84fa94-04c1-424b-9868-57a2d4851a1d" relativeResultsDirectory="1f93164d-345c-4865-9689-4da052243406">
      <Output>
        <StdOut>MatchedBy=Fuzzy, Confidence=0,7471, LlmCallCount=0</StdOut>
      </Output>
    </UnitTestResult>
    <UnitTestResult executionId="5d3736a0-97e8-4bd8-8cbd-e31176b78d3e" testId="c85b0a7c-316a-ff62-be64-50c8b1eacfa4" testName="MyDietitianMobileApp.Api.Tests.Recipes.SelinAydinScenarioTests.SA01_EkmekYumurtaAvokado_WithSubstituteMapping_IsFullMatch" computerName="DESKTOP-4UQ0AMN" duration="00:00:00.0012141" startTime="2026-05-08T13:33:43.7386423+03:00" endTime="2026-05-08T13:33:43.7386428+03:00" testType="13cdc9d9-ddb5-4fa4-a97d-d965ccfc6d4b" outcome="Passed" testListId="8c84fa94-04c1-424b-9868-57a2d4851a1d" relativeResultsDirectory="5d3736a0-97e8-4bd8-8cbd-e31176b78d3e">
      <Output>
        <StdOut>SA01: missing=0 usedSub=Ekmek score=60,0</StdOut>
      </Output>
    </UnitTestResult>
    <UnitTestResult executionId="6ae24059-5c33-4ed1-b8d2-18df94e14496" testId="a430db31-3be1-22ff-2e88-19343092adaa" testName="MyDietitianMobileApp.Api.Tests.Recipes.KitchenBasketBenchmarkTests.S18_ForbiddenIngredientNotInBasket_RecipeNotRejected" computerName="DESKTOP-4UQ0AMN" duration="00:00:00.0002332" startTime="2026-05-08T13:33:44.0121967+03:00" endTime="2026-05-08T13:33:44.0121968+03:00" testType="13cdc9d9-ddb5-4fa4-a97d-d965ccfc6d4b" outcome="Passed" testListId="8c84fa94-04c1-424b-9868-57a2d4851a1d" relativeResultsDirectory="6ae24059-5c33-4ed1-b8d2-18df94e14496">
      <Output>
        <StdOut>[S18] Rejected=False Missing=0 Score=100,0 Subs=0</StdOut>
      </Output>
    </UnitTestResult>
    <UnitTestResult executionId="d1ba5d56-66c9-41e0-9112-7677b72d5ec5" testId="970c38ab-a8cd-6593-b264-a4c331105cf7" testName="MyDietitianMobileApp.Api.Tests.Recipes.KitchenMatchScoringTests.SCR06_RankingReason_ContainsCoveragePctAndTurkishScope" computerName="DESKTOP-4UQ0AMN" duration="00:00:00.0005255" startTime="2026-05-08T13:33:42.1315594+03:00" endTime="2026-05-08T13:33:42.1315595+03:00" testType="13cdc9d9-ddb5-4fa4-a97d-d965ccfc6d4b" outcome="Passed" testListId="8c84fa94-04c1-424b-9868-57a2d4851a1d" relativeResultsDirectory="d1ba5d56-66c9-41e0-9112-7677b72d5ec5">
      <Output>
        <StdOut>SCR06: reason=Tam uyum · Klinik tarifi · zorunlu kapsama %100 (çekirdek=1, baharat=0)</StdOut>
      </Output>
    </UnitTestResult>
    <UnitTestResult executionId="6037e2e1-b27d-42d1-8de2-0dc32cda1874" testId="5dffc251-1f21-065e-f077-25ea4559b9a9" testName="MyDietitianMobileApp.Api.Tests.Ingredients.FuzzyNormalizationTests.DeterministicCanonical_BeatssFuzzy" computerName="DESKTOP-4UQ0AMN" duration="00:00:00.0064721" startTime="2026-05-08T13:33:43.7827670+03:00" endTime="2026-05-08T13:33:43.7827676+03:00" testType="13cdc9d9-ddb5-4fa4-a97d-d965ccfc6d4b" outcome="Passed" testListId="8c84fa94-04c1-424b-9868-57a2d4851a1d" relativeResultsDirectory="6037e2e1-b27d-42d1-8de2-0dc32cda1874">
      <Output>
        <StdOut>Input: 'Domates' → Canonical conf=1</StdOut>
      </Output>
    </UnitTestResult>
    <UnitTestResult executionId="4c52f323-8d65-4f35-9762-3246cbe0523d" testId="cf84e3a3-d13b-9faa-8bc8-d5808d5c11fd" testName="MyDietitianMobileApp.Api.Tests.Recipes.RecipeRecommendationEngineTests.Substitute_Can_Satisfy_Mandatory_Ingredient_When_Configured" computerName="DESKTOP-4UQ0AMN" duration="00:00:01.4409208" startTime="2026-05-08T13:33:43.5014167+03:00" endTime="2026-05-08T13:33:43.5014170+03:00" testType="13cdc9d9-ddb5-4fa4-a97d-d965ccfc6d4b" outcome="Passed" testListId="8c84fa94-04c1-424b-9868-57a2d4851a1d" relativeResultsDirectory="4c52f323-8d65-4f35-9762-3246cbe0523d" />
    <UnitTestResult executionId="dcd17cd2-0943-44a4-b8cc-f2bf061dbcc1" testId="758ee5b3-63cc-531c-90d8-255159b94282" testName="MyDietitianMobileApp.Api.Tests.Recipes.PremiumIsolationRegressionTests.PIR07_ClinicFullMatch_OutranksPublicFallbackFullMatch_ViaClinicBonus" computerName="DESKTOP-4UQ0AMN" duration="00:00:00.0010987" startTime="2026-05-08T13:33:42.8438603+03:00" endTime="2026-05-08T13:33:42.8438606+03:00" testType="13cdc9d9-ddb5-4fa4-a97d-d965ccfc6d4b" outcome="Passed" testListId="8c84fa94-04c1-424b-9868-57a2d4851a1d" relativeResultsDirectory="dcd17cd2-0943-44a4-b8cc-f2bf061dbcc1">
      <Output>
        <StdOut>PIR07: clinicScore=0,4675 publicScore=0,3612&#xD;
PIR07: publicReason=Tam uyum · Genel katalog (fallback) · zorunlu kapsama %100 (çekirdek=2, baharat=0)</StdOut>
      </Output>
    </UnitTestResult>
    <UnitTestResult executionId="acc85671-6000-4e46-86ac-53463e38adc7" testId="897701ba-1537-9025-46cd-7b8088b113b7" testName="MyDietitianMobileApp.Api.Tests.Recipes.TenantIsolationTests.TI01_PremiumUser_ClinicRecipe_FullMatch" computerName="DESKTOP-4UQ0AMN" duration="00:00:00.0005638" startTime="2026-05-08T13:33:43.6322157+03:00" endTime="2026-05-08T13:33:43.6322157+03:00" testType="13cdc9d9-ddb5-4fa4-a97d-d965ccfc6d4b" outcome="Passed" testListId="8c84fa94-04c1-424b-9868-57a2d4851a1d" relativeResultsDirectory="acc85671-6000-4e46-86ac-53463e38adc7">
      <Output>
        <StdOut>TI01: score=100 missing=0</StdOut>
      </Output>
    </UnitTestResult>
    <UnitTestResult executionId="4605ecc9-7116-4c6e-ba1d-56de6ac47e6e" testId="d4800061-f314-a2b3-2f9b-f0a2e8bc1d2b" testName="MyDietitianMobileApp.Api.Tests.Recipes.RecipeProductionSafetyTests.PS06_FreeUser_SeesOnlyPublicRecipes" computerName="DESKTOP-4UQ0AMN" duration="00:00:00.0299197" startTime="2026-05-08T13:33:42.0958804+03:00" endTime="2026-05-08T13:33:42.0958806+03:00" testType="13cdc9d9-ddb5-4fa4-a97d-d965ccfc6d4b" outcome="Passed" testListId="8c84fa94-04c1-424b-9868-57a2d4851a1d" relativeResultsDirectory="4605ecc9-7116-4c6e-ba1d-56de6ac47e6e" />
    <UnitTestResult executionId="19fc391c-0b45-4eb5-90fc-f83f41ff54c7" testId="3b54d037-9fa9-0252-b346-72ca3730c17b" testName="MyDietitianMobileApp.Api.Tests.Recipes.KitchenBasketBenchmarkTests.S20_ProhibitedSubstitute_NotUsedForSubstitution" computerName="DESKTOP-4UQ0AMN" duration="00:00:00.0005749" startTime="2026-05-08T13:33:44.0108492+03:00" endTime="2026-05-08T13:33:44.0108494+03:00" testType="13cdc9d9-ddb5-4fa4-a97d-d965ccfc6d4b" outcome="Passed" testListId="8c84fa94-04c1-424b-9868-57a2d4851a1d" relativeResultsDirectory="19fc391c-0b45-4eb5-90fc-f83f41ff54c7">
      <Output>
        <StdOut>[S20] Rejected=False Missing=0 Score=100,0 Subs=1&#xD;
S20 NOTE: Engine used kefir as sub=True&#xD;
Controller must guard: do not pass substitutes in client prohibited list.</StdOut>
      </Output>
    </UnitTestResult>
    <UnitTestResult executionId="f9ab22ed-321c-479b-b1fe-57bc6c0f79d3" testId="89d6c51f-2786-c1fb-a0db-dd53f3f3abbd" testName="MyDietitianMobileApp.Api.Tests.Infrastructure.BarcodeIngredientResolutionServiceTests.ResolveProductAsync_WhenProductNameContainsIngredientOutsideFamilyRules_ShouldUseIngredientNormalization" computerName="DESKTOP-4UQ0AMN" duration="00:00:00.0197507" startTime="2026-05-08T13:33:44.2338568+03:00" endTime="2026-05-08T13:33:44.2338571+03:00" testType="13cdc9d9-ddb5-4fa4-a97d-d965ccfc6d4b" outcome="Passed" testListId="8c84fa94-04c1-424b-9868-57a2d4851a1d" relativeResultsDirectory="f9ab22ed-321c-479b-b1fe-57bc6c0f79d3" />
    <UnitTestResult executionId="caeb3217-caf6-4c1a-b28b-5489606bc00d" testId="e7af09ec-997d-eb33-7718-4fb792706646" testName="MyDietitianMobileApp.Api.Tests.Recipes.RecipeRecommendationLoggingTests.AlternativeMealDecision_Returns_Fallback_Alternatives_When_Strict_Pool_Is_Empty" computerName="DESKTOP-4UQ0AMN" duration="00:00:00.0091992" startTime="2026-05-08T13:33:43.8926176+03:00" endTime="2026-05-08T13:33:43.8926178+03:00" testType="13cdc9d9-ddb5-4fa4-a97d-d965ccfc6d4b" outcome="Passed" testListId="8c84fa94-04c1-424b-9868-57a2d4851a1d" relativeResultsDirectory="caeb3217-caf6-4c1a-b28b-5489606bc00d" />
    <UnitTestResult executionId="50bd7268-8b09-4e42-860f-a4956a70f36a" testId="cd60f63c-4212-1a59-f064-a4fe34d45a19" testName="MyDietitianMobileApp.Api.Tests.Ingredients.FuzzyNormalizationTests.FuzzyMatcher_Similarity_ReturnsExpectedRange(a: &quot;yogut&quot;, b: &quot;yogurt&quot;, expectedMin: 0,80000000000000004)" computerName="DESKTOP-4UQ0AMN" duration="00:00:00.0002174" startTime="2026-05-08T13:33:43.7831143+03:00" endTime="2026-05-08T13:33:43.7831143+03:00" testType="13cdc9d9-ddb5-4fa4-a97d-d965ccfc6d4b" outcome="Passed" testListId="8c84fa94-04c1-424b-9868-57a2d4851a1d" relativeResultsDirectory="50bd7268-8b09-4e42-860f-a4956a70f36a">
      <Output>
        <StdOut>Similarity('yogut', 'yogurt') = 0,8333</StdOut>
      </Output>
    </UnitTestResult>
    <UnitTestResult executionId="3ec4920c-e73c-4a9c-ab5a-970a53bfb08b" testId="6fdad8f5-6fb5-916b-35bc-cd7c3f407083" testName="MyDietitianMobileApp.Api.Tests.Ingredients.IngredientTaxonomyServiceTests.AreInSameFamilyAsync_ReturnsTrue_WhenInSameFamily" computerName="DESKTOP-4UQ0AMN" duration="00:00:00.0175474" startTime="2026-05-08T13:33:43.5428486+03:00" endTime="2026-05-08T13:33:43.5428488+03:00" testType="13cdc9d9-ddb5-4fa4-a97d-d965ccfc6d4b" outcome="Passed" testListId="8c84fa94-04c1-424b-9868-57a2d4851a1d" relativeResultsDirectory="3ec4920c-e73c-4a9c-ab5a-970a53bfb08b" />
    <UnitTestResult executionId="3ea20400-981a-41ec-ba19-bea1f121ae75" testId="3f407c44-d999-8ed1-2e4e-a6ca71375d46" testName="MyDietitianMobileApp.Api.Tests.Recipes.KitchenBasketBenchmarkTests.S10_BreakfastBasket_BreakfastRecipeSurfaces" computerName="DESKTOP-4UQ0AMN" duration="00:00:00.0004560" startTime="2026-05-08T13:33:44.0068043+03:00" endTime="2026-05-08T13:33:44.0068044+03:00" testType="13cdc9d9-ddb5-4fa4-a97d-d965ccfc6d4b" outcome="Passed" testListId="8c84fa94-04c1-424b-9868-57a2d4851a1d" relativeResultsDirectory="3ea20400-981a-41ec-ba19-bea1f121ae75">
      <Output>
        <StdOut>[S10] Rejected=False Missing=0 Score=100,0 Subs=0</StdOut>
      </Output>
    </UnitTestResult>
    <UnitTestResult executionId="57026ec1-e385-4a08-9120-e83e4932c844" testId="6e887bab-8717-2f02-37e9-d16dba1f1273" testName="MyDietitianMobileApp.Api.Tests.Recipes.RecipeProductionSafetyTests.PS02_DraftRecipe_NeverReachesEvaluator" computerName="DESKTOP-4UQ0AMN" duration="00:00:00.0014736" startTime="2026-05-08T13:33:42.1327585+03:00" endTime="2026-05-08T13:33:42.1327586+03:00" testType="13cdc9d9-ddb5-4fa4-a97d-d965ccfc6d4b" outcome="Passed" testListId="8c84fa94-04c1-424b-9868-57a2d4851a1d" relativeResultsDirectory="57026ec1-e385-4a08-9120-e83e4932c844" />
    <UnitTestResult executionId="53d4f453-1dfd-4e4a-b13b-0b63c152ea64" testId="22d79222-162a-f594-a39f-ad71d31d8a49" testName="MyDietitianMobileApp.Api.Tests.Ingredients.IngredientNormalizationServiceTests.Duplicate_Alias_Rows_With_Same_CanonicalIdentity_Are_Collapsed_Deterministically" computerName="DESKTOP-4UQ0AMN" duration="00:00:00.0077844" startTime="2026-05-08T13:33:43.5810114+03:00" endTime="2026-05-08T13:33:43.5810117+03:00" testType="13cdc9d9-ddb5-4fa4-a97d-d965ccfc6d4b" outcome="Passed" testListId="8c84fa94-04c1-424b-9868-57a2d4851a1d" relativeResultsDirectory="53d4f453-1dfd-4e4a-b13b-0b63c152ea64" />
    <UnitTestResult executionId="a0357111-e464-4f5f-b1b7-eb4d17b60d1d" testId="31c194c8-d509-86af-0c92-02fb2887b3e2" testName="MyDietitianMobileApp.Api.Tests.Recipes.TenantIsolationTests.TI05_NoClinicalValidMatch_PublicFallbackSurfaces" computerName="DESKTOP-4UQ0AMN" duration="00:00:00.0088634" startTime="2026-05-08T13:33:43.6053720+03:00" endTime="2026-05-08T13:33:43.6053720+03:00" testType="13cdc9d9-ddb5-4fa4-a97d-d965ccfc6d4b" outcome="Passed" testListId="8c84fa94-04c1-424b-9868-57a2d4851a1d" relativeResultsDirectory="a0357111-e464-4f5f-b1b7-eb4d17b60d1d">
      <Output>
        <StdOut>TI05: clinic missing=3, public missing=0</StdOut>
      </Output>
    </UnitTestResult>
    <UnitTestResult executionId="573a8b50-a105-4b4a-bcea-ef3097df3c99" testId="98d7c08e-34dc-469e-138b-6250e00b92d1" testName="MyDietitianMobileApp.Api.Tests.Recipes.KitchenBasketBenchmarkTests.S03_TwoMandatoryMissing_ShouldNotBeRecommended" computerName="DESKTOP-4UQ0AMN" duration="00:00:00.0002595" startTime="2026-05-08T13:33:44.0114610+03:00" endTime="2026-05-08T13:33:44.0114611+03:00" testType="13cdc9d9-ddb5-4fa4-a97d-d965ccfc6d4b" outcome="Passed" testListId="8c84fa94-04c1-424b-9868-57a2d4851a1d" relativeResultsDirectory="573a8b50-a105-4b4a-bcea-ef3097df3c99">
      <Output>
        <StdOut>[S03] Rejected=False Missing=2 Score=0,0 Subs=0</StdOut>
      </Output>
    </UnitTestResult>
    <UnitTestResult executionId="5c926411-3b0c-47c0-9b1a-3aace1db3c8b" testId="293db4cb-338a-06f6-5030-f753198707bd" testName="MyDietitianMobileApp.Api.Tests.Recipes.KitchenBasketBenchmarkTests.S01_FullBasket_AllMandatoryPresent_IsFullMatch" computerName="DESKTOP-4UQ0AMN" duration="00:00:00.0025076" startTime="2026-05-08T13:33:43.9782614+03:00" endTime="2026-05-08T13:33:43.9782617+03:00" testType="13cdc9d9-ddb5-4fa4-a97d-d965ccfc6d4b" outcome="Passed" testListId="8c84fa94-04c1-424b-9868-57a2d4851a1d" relativeResultsDirectory="5c926411-3b0c-47c0-9b1a-3aace1db3c8b">
      <Output>
        <StdOut>[S01] Rejected=False Missing=0 Score=100,0 Subs=0</StdOut>
      </Output>
    </UnitTestResult>
    <UnitTestResult executionId="13988929-3e3d-4366-86a5-57d60c285d19" testId="732ca943-d188-9dce-93e2-276b7e763f3a" testName="MyDietitianMobileApp.Api.Tests.Recipes.PremiumKitchenMatchPolicyTests.Premium_StrictPool_IncludesOnlyLinkedClinic_ExcludesOtherTenantAndGlobal" computerName="DESKTOP-4UQ0AMN" duration="00:00:00.0035272" startTime="2026-05-08T13:33:42.1328791+03:00" endTime="2026-05-08T13:33:42.1328791+03:00" testType="13cdc9d9-ddb5-4fa4-a97d-d965ccfc6d4b" outcome="Passed" testListId="8c84fa94-04c1-424b-9868-57a2d4851a1d" relativeResultsDirectory="13988929-3e3d-4366-86a5-57d60c285d19" />
    <UnitTestResult executionId="bc71bef8-5cb9-437d-a4a6-f60432ca6623" testId="e17058e5-a71a-b937-7beb-5682abbd59bb" testName="MyDietitianMobileApp.Api.Tests.Ingredients.NormalizedSearchIntegrationTests.Search_Typo_Karabiber_ReturnsBestFuzzyMatchFirst" computerName="DESKTOP-4UQ0AMN" duration="00:00:00.0062417" startTime="2026-05-08T13:33:43.5676404+03:00" endTime="2026-05-08T13:33:43.5676406+03:00" testType="13cdc9d9-ddb5-4fa4-a97d-d965ccfc6d4b" outcome="Passed" testListId="8c84fa94-04c1-424b-9868-57a2d4851a1d" relativeResultsDirectory="bc71bef8-5cb9-437d-a4a6-f60432ca6623">
      <Output>
        <StdOut>Search 'karabibr': 1 results, first=Karabiber</StdOut>
      </Output>
    </UnitTestResult>
    <UnitTestResult executionId="aa091b71-69bc-47e4-8d9a-04d77e37301b" testId="154b00e3-02dd-2876-5f50-ffb74261e82a" testName="MyDietitianMobileApp.Api.Tests.Ingredients.FuzzyNormalizationTests.FuzzyMatcher_Similarity_ReturnsExpectedRange(a: &quot;x&quot;, b: &quot;zeytinyagi&quot;, expectedMin: 0)" computerName="DESKTOP-4UQ0AMN" duration="00:00:00.0002119" startTime="2026-05-08T13:33:43.7831719+03:00" endTime="2026-05-08T13:33:43.7831720+03:00" testType="13cdc9d9-ddb5-4fa4-a97d-d965ccfc6d4b" outcome="Passed" testListId="8c84fa94-04c1-424b-9868-57a2d4851a1d" relativeResultsDirectory="aa091b71-69bc-47e4-8d9a-04d77e37301b">
      <Output>
        <StdOut>Similarity('x', 'zeytinyagi') = 0,0000</StdOut>
      </Output>
    </UnitTestResult>
    <UnitTestResult executionId="746bdfe6-fade-44c1-9e8d-1f508a25789b" testId="ca50ce7e-ca6b-5187-ffa8-c7ced865aaac" testName="MyDietitianMobileApp.Api.Tests.Recipes.RecipeEvaluatorScenarioTests.RE04_ProhibitedIngredientInBasket_Rejected" computerName="DESKTOP-4UQ0AMN" duration="00:00:00.0006621" startTime="2026-05-08T13:33:44.0909954+03:00" endTime="2026-05-08T13:33:44.0909955+03:00" testType="13cdc9d9-ddb5-4fa4-a97d-d965ccfc6d4b" outcome="Passed" testListId="8c84fa94-04c1-424b-9868-57a2d4851a1d" relativeResultsDirectory="746bdfe6-fade-44c1-9e8d-1f508a25789b">
      <Output>
        <StdOut>RE04: rejected=True</StdOut>
      </Output>
    </UnitTestResult>
    <UnitTestResult executionId="af73c870-08b8-4b8f-aa8a-3130372e9a7e" testId="858ace26-ef1b-cf6b-18c9-d775c4a37b77" testName="MyDietitianMobileApp.Api.Tests.Games.ClientGameServiceTests.SubmitAsync_UnlocksGameMonster_WhenThreeDifferentDailyGamesFinish" computerName="DESKTOP-4UQ0AMN" duration="00:00:00.0284808" startTime="2026-05-08T13:33:44.4408665+03:00" endTime="2026-05-08T13:33:44.4408671+03:00" testType="13cdc9d9-ddb5-4fa4-a97d-d965ccfc6d4b" outcome="Passed" testListId="8c84fa94-04c1-424b-9868-57a2d4851a1d" relativeResultsDirectory="af73c870-08b8-4b8f-aa8a-3130372e9a7e" />
    <UnitTestResult executionId="5c1ca7ac-b035-470f-8611-d952806ec834" testId="3c7dc62e-baf4-c558-a9a2-b48f1698b5fa" testName="MyDietitianMobileApp.Api.Tests.Ingredients.IngredientTaxonomyServiceTests.GetFamiliesForIngredientAsync_ReturnsCorrectFamilies" computerName="DESKTOP-4UQ0AMN" duration="00:00:00.0538361" startTime="2026-05-08T13:33:43.6045138+03:00" endTime="2026-05-08T13:33:43.6045138+03:00" testType="13cdc9d9-ddb5-4fa4-a97d-d965ccfc6d4b" outcome="Passed" testListId="8c84fa94-04c1-424b-9868-57a2d4851a1d" relativeResultsDirectory="5c1ca7ac-b035-470f-8611-d952806ec834" />
    <UnitTestResult executionId="50f4f882-4cc3-4ee1-9810-63edfb3b9a66" testId="10715f03-84c2-e117-bb3c-2c9a569f9428" testName="MyDietitianMobileApp.Api.Tests.Recipes.PremiumIsolationRegressionTests.PIR04_EtliKuruFasulye_NoStructuredIngredients_ExcludedFromPool" computerName="DESKTOP-4UQ0AMN" duration="00:00:00.0004775" startTime="2026-05-08T13:33:42.8573676+03:00" endTime="2026-05-08T13:33:42.8573678+03:00" testType="13cdc9d9-ddb5-4fa4-a97d-d965ccfc6d4b" outcome="Passed" testListId="8c84fa94-04c1-424b-9868-57a2d4851a1d" relativeResultsDirectory="50f4f882-4cc3-4ee1-9810-63edfb3b9a66">
      <Output>
        <StdOut>PIR04: rejected=True reason=QUALITY_INVALID: Recipe has no mandatory ingredients — excluded from recommendation pool.</StdOut>
      </Output>
    </UnitTestResult>
    <UnitTestResult executionId="d3bee8ba-8932-4eb1-a308-ce1bd6e7fc14" testId="0560d17f-8793-926a-10f0-04a7ff3b4900" testName="MyDietitianMobileApp.Api.Tests.Recipes.RecipeEvaluatorScenarioTests.RE08_Ranking_FullMatchBeforeOneMissing" computerName="DESKTOP-4UQ0AMN" duration="00:00:00.0005019" startTime="2026-05-08T13:33:44.0889792+03:00" endTime="2026-05-08T13:33:44.0889792+03:00" testType="13cdc9d9-ddb5-4fa4-a97d-d965ccfc6d4b" outcome="Passed" testListId="8c84fa94-04c1-424b-9868-57a2d4851a1d" relativeResultsDirectory="d3bee8ba-8932-4eb1-a308-ce1bd6e7fc14">
      <Output>
        <StdOut>RE08: ranked[0]=Domatesli Makarna score=100</StdOut>
      </Output>
    </UnitTestResult>
    <UnitTestResult executionId="d751d313-3be4-47f1-9200-8e5dfec7d864" testId="306541e5-d70b-4cd0-6aea-1f53ac84cb58" testName="MyDietitianMobileApp.Api.Tests.Recipes.KitchenMatchScoringTests.SCR02_CondimentMandatory_ContributesMuchLessThan_CoreMandatory" computerName="DESKTOP-4UQ0AMN" duration="00:00:00.0033275" startTime="2026-05-08T13:33:42.1293911+03:00" endTime="2026-05-08T13:33:42.1293911+03:00" testType="13cdc9d9-ddb5-4fa4-a97d-d965ccfc6d4b" outcome="Passed" testListId="8c84fa94-04c1-424b-9868-57a2d4851a1d" relativeResultsDirectory="d751d313-3be4-47f1-9200-8e5dfec7d864">
      <Output>
        <StdOut>SCR02: core=0,3494  condiment=0,3256</StdOut>
      </Output>
    </UnitTestResult>
    <UnitTestResult executionId="11da024f-3de2-43df-9c60-7d2c6dd70f6f" testId="cab2a681-0d7e-6f30-bc60-37de1440206e" testName="MyDietitianMobileApp.Api.Tests.Ingredients.NormalizedSearchIntegrationTests.Search_FuzzyIsNowActiveInRealFlow" computerName="DESKTOP-4UQ0AMN" duration="00:00:00.0173532" startTime="2026-05-08T13:33:43.6046310+03:00" endTime="2026-05-08T13:33:43.6046310+03:00" testType="13cdc9d9-ddb5-4fa4-a97d-d965ccfc6d4b" outcome="Passed" testListId="8c84fa94-04c1-424b-9868-57a2d4851a1d" relativeResultsDirectory="11da024f-3de2-43df-9c60-7d2c6dd70f6f">
      <Output>
        <StdOut>✓ Fuzzy is now active in real search flow. Log: MatchedBy=Fuzzy, Confidence=0,7471</StdOut>
      </Output>
    </UnitTestResult>
    <UnitTestResult executionId="803cb789-7b67-4b8d-973f-4672dba281df" testId="2d1ef131-d400-1a4c-9bf7-855c31c2bdbc" testName="MyDietitianMobileApp.Api.Tests.Ingredients.TaxonomySeederTests.SeedAsync_ShouldCreateYogurtFamilyWithAllRequiredMembers" computerName="DESKTOP-4UQ0AMN" duration="00:00:00.0010000" startTime="2026-05-08T13:33:43.7187104+03:00" endTime="2026-05-08T13:33:43.7187108+03:00" testType="13cdc9d9-ddb5-4fa4-a97d-d965ccfc6d4b" outcome="NotExecuted" testListId="8c84fa94-04c1-424b-9868-57a2d4851a1d" relativeResultsDirectory="803cb789-7b67-4b8d-973f-4672dba281df">
      <Output>
        <ErrorInfo>
          <Message>DatabaseSeeder removed — pending replacement with seed SQL</Message>
        </ErrorInfo>
      </Output>
    </UnitTestResult>
    <UnitTestResult executionId="1cf4a366-efb5-412c-bc4c-79cc109892b8" testId="3f2e2881-d618-56f1-7515-45ebeea7ada1" testName="MyDietitianMobileApp.Api.Tests.Ingredients.FuzzyNormalizationTests.FuzzyLayer_ExplanationText_MentionsFuzzy" computerName="DESKTOP-4UQ0AMN" duration="00:00:00.0033360" startTime="2026-05-08T13:33:43.8120491+03:00" endTime="2026-05-08T13:33:43.8120493+03:00" testType="13cdc9d9-ddb5-4fa4-a97d-d965ccfc6d4b" outcome="Passed" testListId="8c84fa94-04c1-424b-9868-57a2d4851a1d" relativeResultsDirectory="1cf4a366-efb5-412c-bc4c-79cc109892b8" />
    <UnitTestResult executionId="cc2cd3f1-7d4f-4c4b-8495-f5d112688e3d" testId="44c3907e-b3c6-cfda-10ec-41963284f2eb" testName="MyDietitianMobileApp.Api.Tests.Taxonomy.TaxonomyToEngineIntegrationTests.SubstituteAllowed_Rule_Makes_Recipe_Cookable_When_Exact_Missing" computerName="DESKTOP-4UQ0AMN" duration="00:00:00.0472647" startTime="2026-05-08T13:33:43.6054246+03:00" endTime="2026-05-08T13:33:43.6054247+03:00" testType="13cdc9d9-ddb5-4fa4-a97d-d965ccfc6d4b" outcome="Passed" testListId="8c84fa94-04c1-424b-9868-57a2d4851a1d" relativeResultsDirectory="cc2cd3f1-7d4f-4c4b-8495-f5d112688e3d" />
    <UnitTestResult executionId="a4f038c3-5f4b-4769-9a63-0edf68b83ab7" testId="c0abcaac-49a4-d25a-d17f-f747a3263b80" testName="MyDietitianMobileApp.Api.Tests.Taxonomy.TaxonomyToEngineIntegrationTests.Engine_Prefers_Stronger_Substitute_Tier_When_Multiple_Available" computerName="DESKTOP-4UQ0AMN" duration="00:00:01.4428707" startTime="2026-05-08T13:33:43.5029320+03:00" endTime="2026-05-08T13:33:43.5029322+03:00" testType="13cdc9d9-ddb5-4fa4-a97d-d965ccfc6d4b" outcome="Passed" testListId="8c84fa94-04c1-424b-9868-57a2d4851a1d" relativeResultsDirectory="a4f038c3-5f4b-4769-9a63-0edf68b83ab7" />
    <UnitTestResult executionId="df13597f-e2d7-4e43-98dc-0f75f2314261" testId="cb0fba59-758a-808a-90de-d08cb1c32fc4" testName="MyDietitianMobileApp.Api.Tests.Recipes.KitchenBasketBenchmarkTests.S02_OneMandatoryMissing_IsOneMissing" computerName="DESKTOP-4UQ0AMN" duration="00:00:00.0004664" startTime="2026-05-08T13:33:43.9787974+03:00" endTime="2026-05-08T13:33:43.9787975+03:00" testType="13cdc9d9-ddb5-4fa4-a97d-d965ccfc6d4b" outcome="Passed" testListId="8c84fa94-04c1-424b-9868-57a2d4851a1d" relativeResultsDirectory="df13597f-e2d7-4e43-98dc-0f75f2314261">
      <Output>
        <StdOut>[S02] Rejected=False Missing=1 Score=0,0 Subs=0</StdOut>
      </Output>
    </UnitTestResult>
    <UnitTestResult executionId="c46cdc3a-d48f-4104-8487-953ba0612083" testId="518b4fb5-19a0-9e72-4778-d9807e5f8b0b" testName="MyDietitianMobileApp.Api.Tests.Games.ClientGameServiceTests.GetDailyPackAsync_DowngradesDifficultyAfterTwoLowScores" computerName="DESKTOP-4UQ0AMN" duration="00:00:00.2517789" startTime="2026-05-08T13:33:44.3594520+03:00" endTime="2026-05-08T13:33:44.3594521+03:00" testType="13cdc9d9-ddb5-4fa4-a97d-d965ccfc6d4b" outcome="Passed" testListId="8c84fa94-04c1-424b-9868-57a2d4851a1d" relativeResultsDirectory="c46cdc3a-d48f-4104-8487-953ba0612083" />
    <UnitTestResult executionId="ce64867d-1866-4ab7-8160-982a88797d33" testId="33554d9f-be4a-2071-4337-4309fcdc2f5d" testName="MyDietitianMobileApp.Api.Tests.Recipes.KitchenBasketBenchmarkTests.S12_ClinicRecipeWithForbidden_PublicRecipeSurfaces" computerName="DESKTOP-4UQ0AMN" duration="00:00:00.0004180" startTime="2026-05-08T13:33:44.0059140+03:00" endTime="2026-05-08T13:33:44.0059140+03:00" testType="13cdc9d9-ddb5-4fa4-a97d-d965ccfc6d4b" outcome="Passed" testListId="8c84fa94-04c1-424b-9868-57a2d4851a1d" relativeResultsDirectory="ce64867d-1866-4ab7-8160-982a88797d33">
      <Output>
        <StdOut>[S12-clinic] Rejected=True Missing=0 Score=0,0 Subs=0&#xD;
[S12-public] Rejected=False Missing=0 Score=100,0 Subs=0</StdOut>
      </Output>
    </UnitTestResult>
    <UnitTestResult executionId="18c949b1-5d08-4114-b0d3-e76f65316aef" testId="0387e493-e0fb-44e0-0d54-b02919647353" testName="MyDietitianMobileApp.Api.Tests.Games.ClientGameServiceTests.DailyGenerator_FallbackChangesAcrossDaysAndDifficulty" computerName="DESKTOP-4UQ0AMN" duration="00:00:00.0514225" startTime="2026-05-08T13:33:44.1085903+03:00" endTime="2026-05-08T13:33:44.1085907+03:00" testType="13cdc9d9-ddb5-4fa4-a97d-d965ccfc6d4b" outcome="Passed" testListId="8c84fa94-04c1-424b-9868-57a2d4851a1d" relativeResultsDirectory="18c949b1-5d08-4114-b0d3-e76f65316aef" />
    <UnitTestResult executionId="5b8861c8-022c-4c78-aa7a-ff57885cd4b0" testId="5f6fd398-7df6-a2b7-46cd-1412200a1627" testName="MyDietitianMobileApp.Api.Tests.Ingredients.LlmNormalizationTests.I5_LlmMatch_ValidCandidateFromShortlist_ReturnsMatchedResult" computerName="DESKTOP-4UQ0AMN" duration="00:00:00.0048233" startTime="2026-05-08T13:33:43.7281119+03:00" endTime="2026-05-08T13:33:43.7281120+03:00" testType="13cdc9d9-ddb5-4fa4-a97d-d965ccfc6d4b" outcome="Passed" testListId="8c84fa94-04c1-424b-9868-57a2d4851a1d" relativeResultsDirectory="5b8861c8-022c-4c78-aa7a-ff57885cd4b0">
      <Output>
        <StdOut>Status=Matched, MatchedBy=Llm, Confidence=0,7612, MatchedName=Ton Balığı&#xD;
✓ LLM matched 'Ton Balığı' with confidence=0,7612</StdOut>
      </Output>
    </UnitTestResult>
    <UnitTestResult executionId="69b1a8c2-0da2-4111-8f22-85952e0452a3" testId="b977308b-54e1-a65b-f3da-23c8aeb6048d" testName="MyDietitianMobileApp.Api.Tests.Seeds.SeedScriptSanityTests.ThesisSeedReadme_Should_Reference_New_Run_Order" computerName="DESKTOP-4UQ0AMN" duration="00:00:00.0024197" startTime="2026-05-08T13:33:43.6188155+03:00" endTime="2026-05-08T13:33:43.6188159+03:00" testType="13cdc9d9-ddb5-4fa4-a97d-d965ccfc6d4b" outcome="Passed" testListId="8c84fa94-04c1-424b-9868-57a2d4851a1d" relativeResultsDirectory="69b1a8c2-0da2-4111-8f22-85952e0452a3" />
    <UnitTestResult executionId="2a9c01fb-5789-41d4-9a68-efc3dc7f415b" testId="266639ba-379b-b14f-84a2-cdb713fff3c5" testName="MyDietitianMobileApp.Api.Tests.Ingredients.IngredientDatasetVerificationTests.VerifySutFamily_Members" computerName="DESKTOP-4UQ0AMN" duration="00:00:00.0205345" startTime="2026-05-08T13:33:45.6611561+03:00" endTime="2026-05-08T13:33:45.6611564+03:00" testType="13cdc9d9-ddb5-4fa4-a97d-d965ccfc6d4b" outcome="Passed" testListId="8c84fa94-04c1-424b-9868-57a2d4851a1d" relativeResultsDirectory="2a9c01fb-5789-41d4-9a68-efc3dc7f415b">
      <Output>
        <StdOut>[Variant] Badem Sütü&#xD;
  [Variant] Laktozsuz Süt&#xD;
  [Base] Süt&#xD;
  [Variant] Soya Sütü&#xD;
  [Variant] Yulaf Sütü&#xD;
  [Variant] Hindistan Cevizi Sütü</StdOut>
      </Output>
    </UnitTestResult>
    <UnitTestResult executionId="bd6e3f99-3731-4bff-89a7-b1e7a4d47442" testId="e4857fe5-de3f-cb30-0750-a017d7088f41" testName="MyDietitianMobileApp.Api.Tests.Ingredients.FuzzyNormalizationTests.TurkishFold_StripsExpectedDiacritics(input: &quot;şeker&quot;, expected: &quot;seker&quot;)" computerName="DESKTOP-4UQ0AMN" duration="00:00:00.0000112" startTime="2026-05-08T13:33:43.7396994+03:00" endTime="2026-05-08T13:33:43.7396994+03:00" testType="13cdc9d9-ddb5-4fa4-a97d-d965ccfc6d4b" outcome="Passed" testListId="8c84fa94-04c1-424b-9868-57a2d4851a1d" relativeResultsDirectory="bd6e3f99-3731-4bff-89a7-b1e7a4d47442">
      <Output>
        <StdOut>TurkishFold('şeker') = 'seker'</StdOut>
      </Output>
    </UnitTestResult>
    <UnitTestResult executionId="e9fa6d4e-f4a7-44d8-85c6-70946afc98fa" testId="b2e4295b-2891-8119-2e75-3fd8859e239d" testName="MyDietitianMobileApp.Api.Tests.Ingredients.LlmNormalizationTests.I7b_LlmAmbiguousCategory_ReturnedAsAmbiguous" computerName="DESKTOP-4UQ0AMN" duration="00:00:00.0043992" startTime="2026-05-08T13:33:43.7247437+03:00" endTime="2026-05-08T13:33:43.7247438+03:00" testType="13cdc9d9-ddb5-4fa4-a97d-d965ccfc6d4b" outcome="Passed" testListId="8c84fa94-04c1-424b-9868-57a2d4851a1d" relativeResultsDirectory="e9fa6d4e-f4a7-44d8-85c6-70946afc98fa">
      <Output>
        <StdOut>Status=Ambiguous, MatchedBy=Llm&#xD;
✓ LLM Ambiguous category correctly mapped to Ambiguous result</StdOut>
      </Output>
    </UnitTestResult>
    <UnitTestResult executionId="eb84ccca-77c5-48ec-be80-00529e74c8b6" testId="83763bfd-1738-2182-296a-a7c115a93271" testName="MyDietitianMobileApp.Api.Tests.Seeds.LiveThesisSeedIntegrationTests.ThesisSeedScripts_Should_Apply_To_Live_Postgres_And_Produce_Report" computerName="DESKTOP-4UQ0AMN" duration="00:00:01.3339548" startTime="2026-05-08T13:33:45.4579032+03:00" endTime="2026-05-08T13:33:45.4579037+03:00" testType="13cdc9d9-ddb5-4fa4-a97d-d965ccfc6d4b" outcome="Passed" testListId="8c84fa94-04c1-424b-9868-57a2d4851a1d" relativeResultsDirectory="eb84ccca-77c5-48ec-be80-00529e74c8b6">
      <Output>
        <StdOut>{&#xD;
  "appliedAtUtc": "2026-05-08T10:33:45.4463037Z",&#xD;
  "connection": {&#xD;
    "appDb": "Host=localhost;Port=5433;Database=mydietitian_dev;Username=postgres;Password=***;Timeout=30;Command Timeout=30",&#xD;
    "authDb": "Host=localhost;Port=5433;Database=mydietitian_dev;Username=postgres;Password=***;Timeout=30;Command Timeout=30",&#xD;
    "sharedDatabase": true&#xD;
  },&#xD;
  "counts": {&#xD;
    "Ingredients": 368,&#xD;
    "IngredientFamilies": 23,&#xD;
    "IngredientFamilyMembers": 126,&#xD;
    "IngredientCompatibilityRules": 48,&#xD;
    "UserAccounts": 45,&#xD;
    "Dietitians": 24,&#xD;
    "Clients": 26,&#xD;
    "DietitianClientLinks": 22,&#xD;
    "AccessKeys": 22,&#xD;
    "Recipes": 2497,&#xD;
    "RecipeMandatoryIngredients": 7062,&#xD;
    "RecipeOptionalIngredients": 3788,&#xD;
    "RecipeIngredients": 12813,&#xD;
    "RecipeProhibitedIngredients": 7,&#xD;
    "RecipeIngredientSubstitutes": 15,&#xD;
    "ClientGoalPreferences": 7,&#xD;
    "ClientProhibitedIngredients": 14,&#xD;
    "ClientPantryItems": 112,&#xD;
    "ComplianceScoreConfigs": 3,&#xD;
    "DietPlans": 13,&#xD;
    "DietPlanDays": 82,&#xD;
    "DietPlanMeals": 246,&#xD;
    "MealItems": 21,&#xD;
    "MealPlans": 33,&#xD;
    "PlanMealItems": 80,&#xD;
    "MealCompletions": 49,&#xD;
    "MealCompliances": 6,&#xD;
    "MealItemCompliance": 8,&#xD;
    "DailyComplianceSnapshots": 5,&#xD;
    "ClientWeightEntries": 5,&#xD;
    "ClientMeasurementEntries": 3,&#xD;
    "ClientDailyTrackings": 22,&#xD;
    "ClientShoppingListItems": 5&#xD;
  },&#xD;
  "thesisChecks": {&#xD;
    "client1_yogurt_prohibition": true,&#xD;
    "recipe_yogurt_prohibition": true,&#xD;
    "chicken_turkey_substitute": true,&#xD;
    "client1_operational_plan": true,&#xD;
    "client1_compliance_snapshot": true,&#xD;
    "client1_progress_history": true,&#xD;
    "client1_measurements_history": true,&#xD;
    "client1_shopping_list": true&#xD;
  }&#xD;
}&#xD;
Report written to: C:\Users\hy971\source\repos\MyDietitianMobileApp\.tmp\live-thesis-seed-report.json</StdOut>
      </Output>
    </UnitTestResult>
    <UnitTestResult executionId="0fbb7145-3588-487c-959a-64e677b175c8" testId="1a16f990-45fc-e5e9-b121-3aca4420953c" testName="MyDietitianMobileApp.Api.Tests.Recipes.PremiumIsolationRegressionTests.PIR01_OtherClinicPrivateRecipe_ClassifiedAsViolation_NotLinkedClinicPrivate" computerName="DESKTOP-4UQ0AMN" duration="00:00:00.0011793" startTime="2026-05-08T13:33:42.8521387+03:00" endTime="2026-05-08T13:33:42.8521392+03:00" testType="13cdc9d9-ddb5-4fa4-a97d-d965ccfc6d4b" outcome="Passed" testListId="8c84fa94-04c1-424b-9868-57a2d4851a1d" relativeResultsDirectory="0fbb7145-3588-487c-959a-64e677b175c8">
      <Output>
        <StdOut>PIR01: sourceType=OTHER_DIETITIAN_PRIVATE_VIOLATION owned=False</StdOut>
      </Output>
    </UnitTestResult>
    <UnitTestResult executionId="ce077797-b07c-4655-afae-dfb868c80d74" testId="91f6238d-0262-c42c-94f9-2a5c45dfa55d" testName="MyDietitianMobileApp.Api.Tests.Ingredients.IngredientAcquisitionServiceTests.LogAsync_WithMultipleSelections_PersistsOneRowPerResolvedIngredient" computerName="DESKTOP-4UQ0AMN" duration="00:00:00.0956689" startTime="2026-05-08T13:33:43.9283540+03:00" endTime="2026-05-08T13:33:43.9283542+03:00" testType="13cdc9d9-ddb5-4fa4-a97d-d965ccfc6d4b" outcome="Passed" testListId="8c84fa94-04c1-424b-9868-57a2d4851a1d" relativeResultsDirectory="ce077797-b07c-4655-afae-dfb868c80d74" />
    <UnitTestResult executionId="c4bce659-ffc6-4bed-a32d-cf9169217c83" testId="2a2df4ee-7d4d-9613-9efd-a54e6d81e195" testName="MyDietitianMobileApp.Api.Tests.Ingredients.IngredientNormalizationServiceTests.Exact_Alias_Match_Returns_Matched_With_Confidence_Less_Than_One" computerName="DESKTOP-4UQ0AMN" duration="00:00:00.0251893" startTime="2026-05-08T13:33:43.5582669+03:00" endTime="2026-05-08T13:33:43.5582671+03:00" testType="13cdc9d9-ddb5-4fa4-a97d-d965ccfc6d4b" outcome="Passed" testListId="8c84fa94-04c1-424b-9868-57a2d4851a1d" relativeResultsDirectory="c4bce659-ffc6-4bed-a32d-cf9169217c83" />
    <UnitTestResult executionId="cf551681-01b5-4804-815c-3ac023c889a3" testId="9942a74b-420d-3f94-c6d4-3a86212efe0f" testName="MyDietitianMobileApp.Api.Tests.Ingredients.IngredientNormalizationServiceTests.Whitespace_Is_Normalized_Before_Matching" computerName="DESKTOP-4UQ0AMN" duration="00:00:00.0021425" startTime="2026-05-08T13:33:43.5869308+03:00" endTime="2026-05-08T13:33:43.5869310+03:00" testType="13cdc9d9-ddb5-4fa4-a97d-d965ccfc6d4b" outcome="Passed" testListId="8c84fa94-04c1-424b-9868-57a2d4851a1d" relativeResultsDirectory="cf551681-01b5-4804-815c-3ac023c889a3" />
    <UnitTestResult executionId="c3b63c8e-090d-4e20-bd54-cee5bc1300ef" testId="cb374fc6-8034-be9c-7322-97e82a46f5cd" testName="MyDietitianMobileApp.Api.Tests.Games.ClientGameServiceTests.GetDailyPackAsync_AllowsDifferentDifficultyPacksOnSameDate" computerName="DESKTOP-4UQ0AMN" duration="00:00:01.8724138" startTime="2026-05-08T13:33:43.9321815+03:00" endTime="2026-05-08T13:33:43.9321818+03:00" testType="13cdc9d9-ddb5-4fa4-a97d-d965ccfc6d4b" outcome="Passed" testListId="8c84fa94-04c1-424b-9868-57a2d4851a1d" relativeResultsDirectory="c3b63c8e-090d-4e20-bd54-cee5bc1300ef" />
    <UnitTestResult executionId="8892cc50-a9c8-40ce-99c9-8d7bf48da294" testId="46c044be-bd45-2a0f-bfc6-54f1dd7b8105" testName="MyDietitianMobileApp.Api.Tests.Infrastructure.BarcodeIngredientResolutionServiceTests.ResolveProductAsync_WhenProductNameLooksLikeWater_ShouldReturnSuCandidate" computerName="DESKTOP-4UQ0AMN" duration="00:00:00.0171429" startTime="2026-05-08T13:33:44.2149150+03:00" endTime="2026-05-08T13:33:44.2149153+03:00" testType="13cdc9d9-ddb5-4fa4-a97d-d965ccfc6d4b" outcome="Passed" testListId="8c84fa94-04c1-424b-9868-57a2d4851a1d" relativeResultsDirectory="8892cc50-a9c8-40ce-99c9-8d7bf48da294" />
    <UnitTestResult executionId="e87e8655-fa2c-4e87-80a6-f3ed7e168343" testId="8f9551e6-f7eb-ef71-7996-b6e28d823486" testName="MyDietitianMobileApp.Api.Tests.Recipes.KitchenBasketBenchmarkTests.S08_FullMatchRankedAbovePartialMatch" computerName="DESKTOP-4UQ0AMN" duration="00:00:00.0006496" startTime="2026-05-08T13:33:43.9795689+03:00" endTime="2026-05-08T13:33:43.9795690+03:00" testType="13cdc9d9-ddb5-4fa4-a97d-d965ccfc6d4b" outcome="Passed" testListId="8c84fa94-04c1-424b-9868-57a2d4851a1d" relativeResultsDirectory="e87e8655-fa2c-4e87-80a6-f3ed7e168343">
      <Output>
        <StdOut>[S08-full] Rejected=False Missing=0 Score=100,0 Subs=0&#xD;
[S08-partial] Rejected=False Missing=1 Score=0,0 Subs=0</StdOut>
      </Output>
    </UnitTestResult>
    <UnitTestResult executionId="ab3b212c-5923-4a00-99d9-4e4c6c77353d" testId="71b6252d-b3f4-58d4-55fe-16cee10bd74b" testName="MyDietitianMobileApp.Api.Tests.Recipes.SelinAydinScenarioTests.SA03_DemoRecipe_IsFilteredByProductionFlag" computerName="DESKTOP-4UQ0AMN" duration="00:00:00.0008900" startTime="2026-05-08T13:33:43.7387663+03:00" endTime="2026-05-08T13:33:43.7387664+03:00" testType="13cdc9d9-ddb5-4fa4-a97d-d965ccfc6d4b" outcome="Passed" testListId="8c84fa94-04c1-424b-9868-57a2d4851a1d" relativeResultsDirectory="ab3b212c-5923-4a00-99d9-4e4c6c77353d">
      <Output>
        <StdOut>SA03: filtered 1 demo recipe(s)</StdOut>
      </Output>
    </UnitTestResult>
    <UnitTestResult executionId="5ceb8440-b564-40fd-967a-8a2a7e6a3620" testId="cfad0d97-fc17-36f4-b24f-3d3ec50566da" testName="MyDietitianMobileApp.Api.Tests.Recipes.PremiumIsolationRegressionTests.PIR03_LinkedClinicPrivateRecipe_ClassifiedCorrectly" computerName="DESKTOP-4UQ0AMN" duration="00:00:00.0004312" startTime="2026-05-08T13:33:42.8568006+03:00" endTime="2026-05-08T13:33:42.8568008+03:00" testType="13cdc9d9-ddb5-4fa4-a97d-d965ccfc6d4b" outcome="Passed" testListId="8c84fa94-04c1-424b-9868-57a2d4851a1d" relativeResultsDirectory="5ceb8440-b564-40fd-967a-8a2a7e6a3620">
      <Output>
        <StdOut>PIR03: sourceType=LINKED_CLINIC_PRIVATE</StdOut>
      </Output>
    </UnitTestResult>
    <UnitTestResult executionId="e1df415b-6822-4983-b9b2-777f8be77801" testId="cf115e55-a3b7-4f0c-737a-8de03d4fe416" testName="MyDietitianMobileApp.Api.Tests.Gamification.ClientGamificationServiceTests.TrackEventAsync_KeepsGameMonsterLocked_BeforeThreeDailyGames" computerName="DESKTOP-4UQ0AMN" duration="00:00:00.0277536" startTime="2026-05-08T13:33:43.8698262+03:00" endTime="2026-05-08T13:33:43.8698267+03:00" testType="13cdc9d9-ddb5-4fa4-a97d-d965ccfc6d4b" outcome="Passed" testListId="8c84fa94-04c1-424b-9868-57a2d4851a1d" relativeResultsDirectory="e1df415b-6822-4983-b9b2-777f8be77801" />
    <UnitTestResult executionId="c0c9b7bc-a223-4b18-b5b4-7970a25753f6" testId="94e2c117-a0f8-c4c5-89a8-6d265593c7c8" testName="MyDietitianMobileApp.Api.Tests.Games.ClientGameServiceTests.SubmitAsync_ScoresMemoryOnServer_AndDoesNotInflateDuplicateAttempts" computerName="DESKTOP-4UQ0AMN" duration="00:00:00.0204955" startTime="2026-05-08T13:33:44.4120725+03:00" endTime="2026-05-08T13:33:44.4120728+03:00" testType="13cdc9d9-ddb5-4fa4-a97d-d965ccfc6d4b" outcome="Passed" testListId="8c84fa94-04c1-424b-9868-57a2d4851a1d" relativeResultsDirectory="c0c9b7bc-a223-4b18-b5b4-7970a25753f6" />
    <UnitTestResult executionId="32ec8dfc-c87a-46de-97f1-709e7fc47485" testId="5a269e9f-7f26-a8f0-bf60-0f1c9d348684" testName="MyDietitianMobileApp.Api.Tests.Recipes.TenantIsolationTests.TI02_OtherTenantPrivateRecipe_NotInCandidateSet" computerName="DESKTOP-4UQ0AMN" duration="00:00:00.0070392" startTime="2026-05-08T13:33:43.6321229+03:00" endTime="2026-05-08T13:33:43.6321232+03:00" testType="13cdc9d9-ddb5-4fa4-a97d-d965ccfc6d4b" outcome="Passed" testListId="8c84fa94-04c1-424b-9868-57a2d4851a1d" relativeResultsDirectory="32ec8dfc-c87a-46de-97f1-709e7fc47485">
      <Output>
        <StdOut>TI02: DietitianId=c7a86b59-aaf7-4083-bd07-15a6b715e809 (must != client's active dietitian b8af73e1-ae12-472f-add7-2a57bdbb9aea)</StdOut>
      </Output>
    </UnitTestResult>
    <UnitTestResult executionId="4b59d2f2-d683-4b56-9bda-059c0dab93a2" testId="a8af1288-7414-f5b6-46b6-597b9848dd03" testName="MyDietitianMobileApp.Api.Tests.Ingredients.NormalizedSearchIntegrationTests.Search_ExactAlias_ReturnsCorrectIngredientFirst" computerName="DESKTOP-4UQ0AMN" duration="00:00:00.0029151" startTime="2026-05-08T13:33:43.7249729+03:00" endTime="2026-05-08T13:33:43.7249730+03:00" testType="13cdc9d9-ddb5-4fa4-a97d-d965ccfc6d4b" outcome="Passed" testListId="8c84fa94-04c1-424b-9868-57a2d4851a1d" relativeResultsDirectory="4b59d2f2-d683-4b56-9bda-059c0dab93a2">
      <Output>
        <StdOut>Search 'inek sütü': 1 results, first=Süt</StdOut>
      </Output>
    </UnitTestResult>
    <UnitTestResult executionId="afc523cd-36c3-42bd-a083-1dd6b445d137" testId="4a7b4633-2097-fa7e-740f-61270dc4cf8a" testName="MyDietitianMobileApp.Api.Tests.Games.ClientGameServiceTests.GetDailyPackAsync_ProgressesDifficultyFromUserHistory" computerName="DESKTOP-4UQ0AMN" duration="00:00:00.1237944" startTime="2026-05-08T13:33:44.0567869+03:00" endTime="2026-05-08T13:33:44.0567871+03:00" testType="13cdc9d9-ddb5-4fa4-a97d-d965ccfc6d4b" outcome="Passed" testListId="8c84fa94-04c1-424b-9868-57a2d4851a1d" relativeResultsDirectory="afc523cd-36c3-42bd-a083-1dd6b445d137" />
    <UnitTestResult executionId="a3416286-6329-4fc1-9073-7fce00b36321" testId="472074ed-7134-9b46-87b9-3e9cd0aabf08" testName="MyDietitianMobileApp.Api.Tests.Ingredients.NormalizedSearchIntegrationTests.Search_ExactMatch_IsRankedBeforeFuzzyAlternatives" computerName="DESKTOP-4UQ0AMN" duration="00:00:00.0034555" startTime="2026-05-08T13:33:43.7269106+03:00" endTime="2026-05-08T13:33:43.7269107+03:00" testType="13cdc9d9-ddb5-4fa4-a97d-d965ccfc6d4b" outcome="Passed" testListId="8c84fa94-04c1-424b-9868-57a2d4851a1d" relativeResultsDirectory="a3416286-6329-4fc1-9073-7fce00b36321">
      <Output>
        <StdOut>Search 'yogurt': first=Yoğurt&#xD;
  → Yoğurt&#xD;
  → Meyveli Yoğurt</StdOut>
      </Output>
    </UnitTestResult>
    <UnitTestResult executionId="ec30d7e3-2b90-45c0-85ed-cbac6b918b44" testId="5fdaf43f-bb1a-dbd7-7ef4-974818426537" testName="MyDietitianMobileApp.Api.Tests.Ingredients.TaxonomySeederTests.SeedAsync_ShouldPopulateIngredients_AtLeastMinimumCount" computerName="DESKTOP-4UQ0AMN" duration="00:00:00.0010000" startTime="2026-05-08T13:33:43.7190685+03:00" endTime="2026-05-08T13:33:43.7190686+03:00" testType="13cdc9d9-ddb5-4fa4-a97d-d965ccfc6d4b" outcome="NotExecuted" testListId="8c84fa94-04c1-424b-9868-57a2d4851a1d" relativeResultsDirectory="ec30d7e3-2b90-45c0-85ed-cbac6b918b44">
      <Output>
        <ErrorInfo>
          <Message>DatabaseSeeder removed — pending replacement with seed SQL</Message>
        </ErrorInfo>
      </Output>
    </UnitTestResult>
    <UnitTestResult executionId="490add2f-94b0-4b00-bf79-6b83ea6b648f" testId="f1c8b4bf-d4d6-db01-4840-4b45d7a06eab" testName="MyDietitianMobileApp.Api.Tests.Recipes.KitchenMatchScoringTests.SCR07_RankingReason_Contains_Fallback_ForPublicFallbackRecipe" computerName="DESKTOP-4UQ0AMN" duration="00:00:00.0003878" startTime="2026-05-08T13:33:42.1319500+03:00" endTime="2026-05-08T13:33:42.1319501+03:00" testType="13cdc9d9-ddb5-4fa4-a97d-d965ccfc6d4b" outcome="Passed" testListId="8c84fa94-04c1-424b-9868-57a2d4851a1d" relativeResultsDirectory="490add2f-94b0-4b00-bf79-6b83ea6b648f">
      <Output>
        <StdOut>SCR07: reason=Tam uyum · Genel katalog (fallback) · zorunlu kapsama %100 (çekirdek=1, baharat=0)</StdOut>
      </Output>
    </UnitTestResult>
    <UnitTestResult executionId="1ba302ae-2a8a-407a-a506-dc9629f0915b" testId="926fe1eb-33d8-63bf-0d39-531f8f426ade" testName="MyDietitianMobileApp.Api.Tests.Recipes.TenantIsolationTests.TI03_ClinicPartial_vs_PublicFull_PublicFullScoreIsHigher" computerName="DESKTOP-4UQ0AMN" duration="00:00:00.0014392" startTime="2026-05-08T13:33:43.6323016+03:00" endTime="2026-05-08T13:33:43.6323016+03:00" testType="13cdc9d9-ddb5-4fa4-a97d-d965ccfc6d4b" outcome="Passed" testListId="8c84fa94-04c1-424b-9868-57a2d4851a1d" relativeResultsDirectory="1ba302ae-2a8a-407a-a506-dc9629f0915b">
      <Output>
        <StdOut>TI03: clinic score=0 missing=1&#xD;
TI03: public score=100 missing=0</StdOut>
      </Output>
    </UnitTestResult>
    <UnitTestResult executionId="79bce45e-e4d7-43b4-99b2-e24f9316f852" testId="df4c7362-da0a-1cbb-15b5-f2dbfb116b4a" testName="MyDietitianMobileApp.Api.Tests.Ingredients.LlmNormalizationTests.IExtra_ShortlistEmpty_DoesNotCallLlm" computerName="DESKTOP-4UQ0AMN" duration="00:00:00.0031849" startTime="2026-05-08T13:33:43.7267091+03:00" endTime="2026-05-08T13:33:43.7267092+03:00" testType="13cdc9d9-ddb5-4fa4-a97d-d965ccfc6d4b" outcome="Passed" testListId="8c84fa94-04c1-424b-9868-57a2d4851a1d" relativeResultsDirectory="79bce45e-e4d7-43b4-99b2-e24f9316f852" />
    <UnitTestResult executionId="f133922c-d46b-4fa2-8c09-8fac4176e380" testId="c713492c-cabb-0b9a-90d6-f01a4f4021d9" testName="MyDietitianMobileApp.Api.Tests.Ingredients.FuzzyNormalizationTests.FuzzyLayer_MissingDiacritics_MatchesSuzmeYogurt" computerName="DESKTOP-4UQ0AMN" duration="00:00:00.0038707" startTime="2026-05-08T13:33:43.8086296+03:00" endTime="2026-05-08T13:33:43.8086298+03:00" testType="13cdc9d9-ddb5-4fa4-a97d-d965ccfc6d4b" outcome="Passed" testListId="8c84fa94-04c1-424b-9868-57a2d4851a1d" relativeResultsDirectory="f133922c-d46b-4fa2-8c09-8fac4176e380">
      <Output>
        <StdOut>Input: 'suzme yogurt' → Süzme Yoğurt (Fuzzy, conf=0,89)</StdOut>
      </Output>
    </UnitTestResult>
[...]
    <TestEntry testId="eacbf283-a9c9-5f16-afe6-d9f55edb6ce4" executionId="bd374e20-1612-42f7-8150-576dff186d93" testListId="8c84fa94-04c1-424b-9868-57a2d4851a1d" />
    <TestEntry testId="d0ffd43a-c53b-392a-9933-a903a1a8df0e" executionId="4afd38dc-ace6-4221-9b02-51a42a0bb479" testListId="8c84fa94-04c1-424b-9868-57a2d4851a1d" />
    <TestEntry testId="a042cb11-8ddd-1191-e3d4-14d0cd5387c6" executionId="30cac30f-6307-4aae-a174-ed55e1863f9f" testListId="8c84fa94-04c1-424b-9868-57a2d4851a1d" />
    <TestEntry testId="7e2753e6-13e8-b270-1cf6-4d207dcfb32d" executionId="d966f783-8b65-4b6c-b5a8-cf386cf0d9cf" testListId="8c84fa94-04c1-424b-9868-57a2d4851a1d" />
    <TestEntry testId="2c40c327-5c11-e7b9-f305-8640bb95f8a3" executionId="812abab1-b61f-497f-85b6-93861b681942" testListId="8c84fa94-04c1-424b-9868-57a2d4851a1d" />
    <TestEntry testId="420bf5f5-c04c-65f8-efd3-e09a46502b67" executionId="ac267afc-8b34-452a-9fc1-b53a28a70369" testListId="8c84fa94-04c1-424b-9868-57a2d4851a1d" />
    <TestEntry testId="602c5d5c-4626-cfe9-7533-a7c2a0d68405" executionId="7d8fc128-b489-420c-a964-f9b4c8c3f82c" testListId="8c84fa94-04c1-424b-9868-57a2d4851a1d" />
    <TestEntry testId="22d63cfa-1c73-40cc-8970-741bcbfefd75" executionId="fcaaa3de-304e-431e-aa47-9cbe4c8c1d44" testListId="8c84fa94-04c1-424b-9868-57a2d4851a1d" />
    <TestEntry testId="c74e7f2c-4d50-23fb-6d92-b521937f4070" executionId="98582e51-a98a-4fa5-bcda-431370879b9e" testListId="8c84fa94-04c1-424b-9868-57a2d4851a1d" />
    <TestEntry testId="512b1462-39c7-cb80-d467-10d23f6167b1" executionId="23ea01c7-c0fd-48d2-b936-a52cd03734b3" testListId="8c84fa94-04c1-424b-9868-57a2d4851a1d" />
    <TestEntry testId="8dbb5c47-7742-08f0-7741-5c244fbdf74b" executionId="d38e90f7-c694-4b1f-8209-1a9430fd8a8b" testListId="8c84fa94-04c1-424b-9868-57a2d4851a1d" />
    <TestEntry testId="de60c658-50c4-dc2a-dee9-16eb2141a1e9" executionId="9dc2b677-0b7c-422b-8b95-72697acbd1a5" testListId="8c84fa94-04c1-424b-9868-57a2d4851a1d" />
    <TestEntry testId="6dc7624c-9117-4a80-9810-bbacfd8f3aef" executionId="544fd7dc-17ef-4450-82f3-60259b4b0a61" testListId="8c84fa94-04c1-424b-9868-57a2d4851a1d" />
    <TestEntry testId="dc6750d7-ffcf-294b-7125-10347c2d3930" executionId="30943105-107d-4292-8fcf-30c1b6fc809f" testListId="8c84fa94-04c1-424b-9868-57a2d4851a1d" />
    <TestEntry testId="f15447dc-93a4-6811-19f7-e689b22bd40a" executionId="83f36e91-c1d3-4832-a3ee-9b517af659d8" testListId="8c84fa94-04c1-424b-9868-57a2d4851a1d" />
    <TestEntry testId="fe075b89-dbea-c4db-851a-fab2f195a566" executionId="a987b3bd-9168-472e-b3b7-683dfdf3c611" testListId="8c84fa94-04c1-424b-9868-57a2d4851a1d" />
    <TestEntry testId="d73d6c35-1250-57a2-4332-2d2206ad8ff2" executionId="7f33f48d-cf6d-4f02-bf26-b14fa79d69f8" testListId="8c84fa94-04c1-424b-9868-57a2d4851a1d" />
    <TestEntry testId="e663c550-ffd8-486b-412a-8394b9ba2d3d" executionId="159d7c7f-82fb-4e00-ac94-f63462559d26" testListId="8c84fa94-04c1-424b-9868-57a2d4851a1d" />
    <TestEntry testId="690a8f35-4f95-d314-0aaa-9876157cb226" executionId="f369fd23-3d76-4b51-9c60-9448b1c881c0" testListId="8c84fa94-04c1-424b-9868-57a2d4851a1d" />
    <TestEntry testId="b1425219-a8ef-ffe9-94d9-db9f4e9d5b2a" executionId="dab124b1-c9c2-4cf0-b279-8eb84107c04c" testListId="8c84fa94-04c1-424b-9868-57a2d4851a1d" />
    <TestEntry testId="abf72b24-881f-a100-60d2-30e31f48cb8a" executionId="2cb221d5-264b-4425-a706-fe16e2e37b7d" testListId="8c84fa94-04c1-424b-9868-57a2d4851a1d" />
    <TestEntry testId="80e558ac-d1c6-dd26-389b-a39574e96d3b" executionId="8bee16c5-3710-4db2-a481-62aa7fc66e37" testListId="8c84fa94-04c1-424b-9868-57a2d4851a1d" />
    <TestEntry testId="b383ee75-1d15-ca84-cb21-05dc2546b78f" executionId="d8e6b250-a9b1-41a7-bae0-c0ded7665a58" testListId="8c84fa94-04c1-424b-9868-57a2d4851a1d" />
    <TestEntry testId="fdc1107a-fd9e-0f82-87df-a7e460a40b1c" executionId="e53aea57-e6d8-440c-8785-2d0b8b25521a" testListId="8c84fa94-04c1-424b-9868-57a2d4851a1d" />
    <TestEntry testId="df406582-142e-82f2-568a-14cb78cf08b3" executionId="c82bb3a9-7a90-411c-bac5-28069d1c87a3" testListId="8c84fa94-04c1-424b-9868-57a2d4851a1d" />
    <TestEntry testId="7c7b0622-4f77-c1b7-92a7-b8ac0b09ae5a" executionId="0a808173-3689-40ec-a823-69d7a980c7d5" testListId="8c84fa94-04c1-424b-9868-57a2d4851a1d" />
    <TestEntry testId="6e453a12-debd-8f91-ee97-6ea3ba3992bd" executionId="bb1c624a-9af9-4078-afc8-86e7ef6c2315" testListId="8c84fa94-04c1-424b-9868-57a2d4851a1d" />
    <TestEntry testId="0bee9460-baff-cda8-ea00-32bb91ee5a58" executionId="79066d35-9ca0-4e53-996b-e8aa8621f0f6" testListId="8c84fa94-04c1-424b-9868-57a2d4851a1d" />
    <TestEntry testId="83f2eba8-b1b9-568c-7145-dd5d7db196be" executionId="7954a66b-fb7c-4e38-ba31-b02cc7757592" testListId="8c84fa94-04c1-424b-9868-57a2d4851a1d" />
    <TestEntry testId="dd08fb47-d385-817b-6fa0-5b9e1d7a2d95" executionId="af3fd129-c8c1-4562-a6d4-2bbd59697e14" testListId="8c84fa94-04c1-424b-9868-57a2d4851a1d" />
    <TestEntry testId="6898e87b-8c81-a898-898e-0c86b8853660" executionId="5cbe6fa4-67c0-46ac-b6b2-92bafd7e918b" testListId="8c84fa94-04c1-424b-9868-57a2d4851a1d" />
    <TestEntry testId="46218607-865a-7a0c-eaec-1ea91081bce7" executionId="fcfa0585-9cbe-4a90-9e0a-3fdac0e2afe9" testListId="8c84fa94-04c1-424b-9868-57a2d4851a1d" />
    <TestEntry testId="caf142df-8e79-8b7b-4671-8ac6a6a2e1d8" executionId="a0509655-1fd1-4f8a-9505-32e31ede9e40" testListId="8c84fa94-04c1-424b-9868-57a2d4851a1d" />
    <TestEntry testId="4b5443c7-b92c-80a3-5108-7340f671a3b7" executionId="d0b0e41d-ad4c-4e67-865f-78ea728ec66a" testListId="8c84fa94-04c1-424b-9868-57a2d4851a1d" />
    <TestEntry testId="6389beb2-ea2b-23ff-c903-4d7548f38733" executionId="dcd2c817-6bb4-4f03-89a1-419d40dbf7b1" testListId="8c84fa94-04c1-424b-9868-57a2d4851a1d" />
    <TestEntry testId="c368c485-1fa8-1c02-febd-10b3bc6b5c4a" executionId="d649bd2f-c851-4185-a203-ba9b36ef3035" testListId="8c84fa94-04c1-424b-9868-57a2d4851a1d" />
    <TestEntry testId="c56fbac4-da3b-6179-36bc-1c6d9f74b0da" executionId="bb5425cf-f2dd-49eb-a3a2-7c52a631c4f4" testListId="8c84fa94-04c1-424b-9868-57a2d4851a1d" />
    <TestEntry testId="cccddcd2-0087-68eb-6ebe-f80bce99a819" executionId="781e8e54-a356-4ffb-b3cc-e525458c7f82" testListId="8c84fa94-04c1-424b-9868-57a2d4851a1d" />
    <TestEntry testId="8208f457-8580-590a-19b8-7d89a4e3c272" executionId="487aefdb-122f-46bc-b23c-5a55c17edf18" testListId="8c84fa94-04c1-424b-9868-57a2d4851a1d" />
    <TestEntry testId="6f1e1acd-c025-4f7d-4c8c-41937f482e8f" executionId="3f9c9d25-6263-415c-a07c-9b584129a00f" testListId="8c84fa94-04c1-424b-9868-57a2d4851a1d" />
    <TestEntry testId="f402ad49-a422-8ddd-9b04-068e26d20c82" executionId="86c81dfe-c0cf-4c91-94da-d2e018ed3538" testListId="8c84fa94-04c1-424b-9868-57a2d4851a1d" />
    <TestEntry testId="f2501e5b-20b7-b968-3b66-c67bff7f39eb" executionId="70be1417-8cb7-454f-a506-4c10bc6fe6f7" testListId="8c84fa94-04c1-424b-9868-57a2d4851a1d" />
    <TestEntry testId="6e738738-1fb5-272e-f3e8-cc361594498b" executionId="97c83c9a-8010-4da7-9e29-a35df6b2e207" testListId="8c84fa94-04c1-424b-9868-57a2d4851a1d" />
    <TestEntry testId="9a6e725a-83cc-671b-90fe-acb8dde4193a" executionId="e71c6d91-8edc-4cf7-8f46-74f345932cea" testListId="8c84fa94-04c1-424b-9868-57a2d4851a1d" />
    <TestEntry testId="6b7b7516-a25e-b6af-07b0-4a85bd524061" executionId="fb7ef614-7153-4674-914a-83a5f65ecd10" testListId="8c84fa94-04c1-424b-9868-57a2d4851a1d" />
    <TestEntry testId="58a13411-a219-2545-0773-2c43498ae1a4" executionId="708095c3-bc71-41b2-8b77-0a7047330c64" testListId="8c84fa94-04c1-424b-9868-57a2d4851a1d" />
    <TestEntry testId="f3fad934-2afb-3588-fa90-e065ed60ef82" executionId="ad0108d9-b127-4fec-a99f-b1f44e9568e9" testListId="8c84fa94-04c1-424b-9868-57a2d4851a1d" />
    <TestEntry testId="7c30d6b9-adf9-bede-309b-84370b767547" executionId="28335be5-ff41-483f-b11a-2eb303a84410" testListId="8c84fa94-04c1-424b-9868-57a2d4851a1d" />
    <TestEntry testId="fc3b67ec-855d-04a0-a163-1eedb373ffdf" executionId="c49fa3d8-b9de-4081-8e9a-d97c16e76587" testListId="8c84fa94-04c1-424b-9868-57a2d4851a1d" />
    <TestEntry testId="4d236efd-3dac-54ce-cd28-1c7c764d0456" executionId="0831dc43-ed8c-40f7-9204-0cf583f5e5c3" testListId="8c84fa94-04c1-424b-9868-57a2d4851a1d" />
    <TestEntry testId="0d3843c8-b1c6-7f8a-fee4-eb1cc922e7ef" executionId="557a85b3-e969-45e7-a20e-4aabaa4b0d4c" testListId="8c84fa94-04c1-424b-9868-57a2d4851a1d" />
    <TestEntry testId="d23e6e6d-c245-d94b-10e1-fef16a507537" executionId="55b34a36-76e5-4ba3-b4bb-dde16fd6f495" testListId="8c84fa94-04c1-424b-9868-57a2d4851a1d" />
    <TestEntry testId="05ef98f0-0376-cc10-9669-6b0ceea40769" executionId="dd72f5b4-2ef2-4093-bcac-cdf10ba74356" testListId="8c84fa94-04c1-424b-9868-57a2d4851a1d" />
    <TestEntry testId="a46e67a6-8e09-e4fe-ed53-8d40b2dcc86d" executionId="eb0cdfdc-4775-446b-a25f-0254bb936dd0" testListId="8c84fa94-04c1-424b-9868-57a2d4851a1d" />
    <TestEntry testId="a9bbebb0-20fb-6e94-ec7d-f27d9c96566d" executionId="302e3529-68e5-4262-a755-44f61e204bc4" testListId="8c84fa94-04c1-424b-9868-57a2d4851a1d" />
    <TestEntry testId="b4f816c2-7677-51df-5a73-e917ed552fdb" executionId="98206214-504f-47c6-b742-830fa07aa4ef" testListId="8c84fa94-04c1-424b-9868-57a2d4851a1d" />
    <TestEntry testId="b8690cb4-0846-cee8-e6ae-99f3e8b01415" executionId="cc83763c-b766-4b0c-87b1-867fe35ed8d4" testListId="8c84fa94-04c1-424b-9868-57a2d4851a1d" />
    <TestEntry testId="5834d1ab-bffc-1d42-05b8-779867309a6d" executionId="4af291b9-9872-4037-a002-9ef0cf8210a4" testListId="8c84fa94-04c1-424b-9868-57a2d4851a1d" />
    <TestEntry testId="9a2102c7-0bc6-e80d-01c8-ea1395305f0d" executionId="a183c476-f93f-4d30-827e-8783093d559b" testListId="8c84fa94-04c1-424b-9868-57a2d4851a1d" />
    <TestEntry testId="d6900558-afa8-8fe1-800c-3026b708c444" executionId="b650e3dc-bba9-44c5-80c1-ecdf7049be57" testListId="8c84fa94-04c1-424b-9868-57a2d4851a1d" />
    <TestEntry testId="0f58dd55-9d21-7373-8adc-8179ea2dc370" executionId="e7f36062-5a53-48cd-bc24-c94d9ac4d9fa" testListId="8c84fa94-04c1-424b-9868-57a2d4851a1d" />
    <TestEntry testId="2a44da7b-cf4a-94b7-bc3a-c1b6f0e9897c" executionId="7a308028-b512-4613-9c67-507a52b45aad" testListId="8c84fa94-04c1-424b-9868-57a2d4851a1d" />
    <TestEntry testId="e4a1b893-cfb0-dd47-1ab4-87c04ac74985" executionId="c441e414-ec42-4679-b847-df4837466568" testListId="8c84fa94-04c1-424b-9868-57a2d4851a1d" />
    <TestEntry testId="1dd1b78c-f127-3423-de1d-2662927227ae" executionId="cbf3fa25-80a7-4b29-8960-b261fe46d4d5" testListId="8c84fa94-04c1-424b-9868-57a2d4851a1d" />
    <TestEntry testId="92e00eeb-2df0-dc93-0631-013be093cc0f" executionId="1a6c97f9-c188-474e-99b0-6cb7c858f8b4" testListId="8c84fa94-04c1-424b-9868-57a2d4851a1d" />
    <TestEntry testId="f48b075e-023a-b247-b4a3-f5582de9848b" executionId="1cdc485d-884f-401f-8ba5-e99debaf0f3b" testListId="8c84fa94-04c1-424b-9868-57a2d4851a1d" />
    <TestEntry testId="7921fb67-8129-51d1-2b1f-488c9e72f9b2" executionId="695f5bfc-20c9-4bf4-a269-6425601976fa" testListId="8c84fa94-04c1-424b-9868-57a2d4851a1d" />
    <TestEntry testId="338da0dd-64f9-46ed-f2fb-79bf406dde75" executionId="454a8766-bc6b-4e04-8189-5401bb762c98" testListId="8c84fa94-04c1-424b-9868-57a2d4851a1d" />
    <TestEntry testId="fc70ab3e-290d-330f-eb28-304a0df3cdfb" executionId="496c3fdd-3e20-40ea-806b-7cbca69ad039" testListId="8c84fa94-04c1-424b-9868-57a2d4851a1d" />
    <TestEntry testId="449f2be4-fee0-3915-8834-67f1bfc4c055" executionId="fa4cb7c6-2efb-47b8-bfad-14576902d007" testListId="8c84fa94-04c1-424b-9868-57a2d4851a1d" />
    <TestEntry testId="37d071e7-0609-5756-9aeb-6302e5a16985" executionId="cd01e3cf-89b7-4d55-ac08-63f8233e561d" testListId="8c84fa94-04c1-424b-9868-57a2d4851a1d" />
    <TestEntry testId="d7955db8-25e7-610a-e97a-dbe4fb392de0" executionId="a155871b-ae5f-45d1-ba7e-b3931b4fed62" testListId="8c84fa94-04c1-424b-9868-57a2d4851a1d" />
    <TestEntry testId="fa1daa33-5495-f584-0fb5-0679f72bb4fa" executionId="935ece7a-ef4e-47cc-9ee7-bdfeabf06815" testListId="8c84fa94-04c1-424b-9868-57a2d4851a1d" />
    <TestEntry testId="4cda2ffd-6c0a-34f9-8539-c0724d3716a5" executionId="ce134620-50d1-4b76-bfd2-cb78c72d170a" testListId="8c84fa94-04c1-424b-9868-57a2d4851a1d" />
    <TestEntry testId="7e8d3826-36c7-1f2b-5654-20ea5f21eb8a" executionId="7ad78613-869b-4e99-a40b-7178054181cb" testListId="8c84fa94-04c1-424b-9868-57a2d4851a1d" />
    <TestEntry testId="7db557f8-a936-c042-8c6f-baefa8ad7729" executionId="8f1e116b-1f96-4c4b-b43f-9d890441f9b8" testListId="8c84fa94-04c1-424b-9868-57a2d4851a1d" />
    <TestEntry testId="35a390e6-5daa-5594-7f96-0d3773ab2602" executionId="8c70a9d8-bcd2-4487-b6fd-e2cf3f9e9155" testListId="8c84fa94-04c1-424b-9868-57a2d4851a1d" />
    <TestEntry testId="fb3e0f44-765b-9326-008d-0e03f6fa6250" executionId="fa29c5b9-cc1a-479e-8ea5-533312768441" testListId="8c84fa94-04c1-424b-9868-57a2d4851a1d" />
    <TestEntry testId="5a09d719-c262-820a-ed4e-e9d4ee592563" executionId="42f3adfa-fb50-4f91-91b6-2ea652473a3b" testListId="8c84fa94-04c1-424b-9868-57a2d4851a1d" />
    <TestEntry testId="168e4db6-5955-2a73-063c-945fa487d7bc" executionId="8d2f0932-ab6e-4115-9d2e-ddeb7dcb60f1" testListId="8c84fa94-04c1-424b-9868-57a2d4851a1d" />
    <TestEntry testId="0740c497-416a-1342-d300-eefad8fb7aa0" executionId="972f6491-0323-419d-8868-4fd99e5d1e8a" testListId="8c84fa94-04c1-424b-9868-57a2d4851a1d" />
    <TestEntry testId="2a9d3ccf-a326-a668-2826-4fb7e1d258d7" executionId="a800c73a-6510-41fd-a5a9-8d8718f835b5" testListId="8c84fa94-04c1-424b-9868-57a2d4851a1d" />
    <TestEntry testId="8947a2e5-c03a-472c-12e6-5354ee20768f" executionId="39298a22-25ff-4f73-a04d-ff8f8d9b1104" testListId="8c84fa94-04c1-424b-9868-57a2d4851a1d" />
    <TestEntry testId="d7b37600-c3ee-e9bb-b13b-0e159d278127" executionId="74387277-bf90-4fda-928d-4ea226e8acc7" testListId="8c84fa94-04c1-424b-9868-57a2d4851a1d" />
    <TestEntry testId="09e1fd9a-a2f2-6e21-f1bc-770d7113d84b" executionId="13d7baf1-36e0-4aa8-84cb-eebb0f121b07" testListId="8c84fa94-04c1-424b-9868-57a2d4851a1d" />
    <TestEntry testId="b52ef4bf-786e-f1e9-1275-38b1b579e562" executionId="bd7f70a9-d3bf-43a0-8360-c0a879d9867a" testListId="8c84fa94-04c1-424b-9868-57a2d4851a1d" />
    <TestEntry testId="4a101083-36a3-14a3-9fbd-9c92fda797c0" executionId="1df1cf8e-bb02-4a44-8bb1-e90d5bbff301" testListId="8c84fa94-04c1-424b-9868-57a2d4851a1d" />
    <TestEntry testId="eab55fb9-ba92-6a88-6a4a-e089066a52bc" executionId="b3f434c2-80aa-46c9-a778-c8c88b6155f9" testListId="8c84fa94-04c1-424b-9868-57a2d4851a1d" />
    <TestEntry testId="1303c170-79c2-2022-7729-e45110e37453" executionId="370c2406-0803-4edd-984a-d89fe62352c4" testListId="8c84fa94-04c1-424b-9868-57a2d4851a1d" />
    <TestEntry testId="ec2dd119-5ac0-4c77-2d90-d24fa88e2b3b" executionId="d18246de-1a99-4db4-8ebb-080fbb469f8b" testListId="8c84fa94-04c1-424b-9868-57a2d4851a1d" />
    <TestEntry testId="5f39062b-0a8d-fbe7-0e87-689cc98f9e11" executionId="71fa965f-9b43-4bb3-b0d2-bacf9baf4103" testListId="8c84fa94-04c1-424b-9868-57a2d4851a1d" />
  </TestEntries>
  <TestLists>
    <TestList name="Bir Listede Olmayan Sonuçlar" id="8c84fa94-04c1-424b-9868-57a2d4851a1d" />
    <TestList name="Yüklenen Tüm Sonuçlar" id="19431567-8539-422a-85d7-44ee4e166bda" />
  </TestLists>
  <ResultSummary outcome="Completed">
    <Counters total="210" executed="203" passed="203" failed="0" error="0" timeout="0" aborted="0" inconclusive="0" passedButRunAborted="0" notRunnable="0" notExecuted="0" disconnected="0" warning="0" completed="0" inProgress="0" pending="0" />
    <Output>
      <StdOut>[xUnit.net 00:00:00.00] xUnit.net VSTest Adapter v2.8.2+699d445a1a (64-bit .NET 8.0.23)&#xD;
[xUnit.net 00:00:00.16]   Discovering: MyDietitianMobileApp.Api.Tests&#xD;
[xUnit.net 00:00:00.28]   Discovered:  MyDietitianMobileApp.Api.Tests&#xD;
[xUnit.net 00:00:00.28]   Starting:    MyDietitianMobileApp.Api.Tests&#xD;
[xUnit.net 00:00:01.91]       DatabaseSeeder removed — pending replacement with seed SQL&#xD;
Test çalıştırmasında 'MyDietitianMobileApp.Api.Tests.Ingredients.TaxonomySeederTests.SeedAsync_ShouldCreateCompatibilityRulesForYogurt' testi atlandı.&#xD;
[xUnit.net 00:00:01.99]       DatabaseSeeder removed — pending replacement with seed SQL&#xD;
[xUnit.net 00:00:01.99]       DatabaseSeeder removed — pending replacement with seed SQL&#xD;
[xUnit.net 00:00:01.99]       DatabaseSeeder removed — pending replacement with seed SQL&#xD;
Test çalıştırmasında 'MyDietitianMobileApp.Api.Tests.Ingredients.TaxonomySeederTests.SeedAsync_ShouldCreateYogurtFamilyWithAllRequiredMembers' testi atlandı.&#xD;
Test çalıştırmasında 'MyDietitianMobileApp.Api.Tests.Ingredients.TaxonomySeederTests.SeedAsync_WhenRunMultipleTimes_ShouldBeIdempotent' testi atlandı.&#xD;
Test çalıştırmasında 'MyDietitianMobileApp.Api.Tests.Ingredients.TaxonomySeederTests.SeedAsync_ShouldPopulateIngredients_AtLeastMinimumCount' testi atlandı.&#xD;
[xUnit.net 00:00:02.00]       Requires test database and seed data configuration&#xD;
Test çalıştırmasında 'MyDietitianMobileApp.Api.Tests.Auth.ClientAuthAliasTests.Register_And_Login_Work_On_Auth_And_Client_Aliases' testi atlandı.&#xD;
[xUnit.net 00:00:02.17]       Requires seeded dietitian/client and database configuration&#xD;
Test çalıştırmasında 'MyDietitianMobileApp.Api.Tests.Dietitian.RevokePremiumTests.Revoke_Premium_Returns_NotFound_When_Link_Missing' testi atlandı.&#xD;
[xUnit.net 00:00:02.29]       Requires stable test user data; enable when integration test environment is ready&#xD;
Test çalıştırmasında 'MyDietitianMobileApp.Api.Tests.Auth.AuthRateLimitTests.Exceeding_Auth_Rate_Limit_Results_In_429' testi atlandı.&#xD;
[xUnit.net 00:00:15.41]   Finished:    MyDietitianMobileApp.Api.Tests&#xD;
</StdOut>
    </Output>
    <RunInfos>
      <RunInfo computerName="DESKTOP-4UQ0AMN" outcome="Warning" timestamp="2026-05-08T13:33:43.6410474+03:00">
        <Text>[xUnit.net 00:00:01.91]     MyDietitianMobileApp.Api.Tests.Ingredients.TaxonomySeederTests.SeedAsync_ShouldCreateCompatibilityRulesForYogurt [SKIP]</Text>
      </RunInfo>
      <RunInfo computerName="DESKTOP-4UQ0AMN" outcome="Warning" timestamp="2026-05-08T13:33:43.7589453+03:00">
        <Text>[xUnit.net 00:00:01.99]     MyDietitianMobileApp.Api.Tests.Ingredients.TaxonomySeederTests.SeedAsync_ShouldCreateYogurtFamilyWithAllRequiredMembers [SKIP]</Text>
      </RunInfo>
      <RunInfo computerName="DESKTOP-4UQ0AMN" outcome="Warning" timestamp="2026-05-08T13:33:43.7589919+03:00">
        <Text>[xUnit.net 00:00:01.99]     MyDietitianMobileApp.Api.Tests.Ingredients.TaxonomySeederTests.SeedAsync_WhenRunMultipleTimes_ShouldBeIdempotent [SKIP]</Text>
      </RunInfo>
      <RunInfo computerName="DESKTOP-4UQ0AMN" outcome="Warning" timestamp="2026-05-08T13:33:43.7590265+03:00">
        <Text>[xUnit.net 00:00:01.99]     MyDietitianMobileApp.Api.Tests.Ingredients.TaxonomySeederTests.SeedAsync_ShouldPopulateIngredients_AtLeastMinimumCount [SKIP]</Text>
      </RunInfo>
      <RunInfo computerName="DESKTOP-4UQ0AMN" outcome="Warning" timestamp="2026-05-08T13:33:43.7599677+03:00">
        <Text>[xUnit.net 00:00:02.00]     MyDietitianMobileApp.Api.Tests.Auth.ClientAuthAliasTests.Register_And_Login_Work_On_Auth_And_Client_Aliases [SKIP]</Text>
      </RunInfo>
      <RunInfo computerName="DESKTOP-4UQ0AMN" outcome="Warning" timestamp="2026-05-08T13:33:43.8937851+03:00">
        <Text>[xUnit.net 00:00:02.17]     MyDietitianMobileApp.Api.Tests.Dietitian.RevokePremiumTests.Revoke_Premium_Returns_NotFound_When_Link_Missing [SKIP]</Text>
      </RunInfo>
      <RunInfo computerName="DESKTOP-4UQ0AMN" outcome="Warning" timestamp="2026-05-08T13:33:44.0184201+03:00">
        <Text>[xUnit.net 00:00:02.29]     MyDietitianMobileApp.Api.Tests.Auth.AuthRateLimitTests.Exceeding_Auth_Rate_Limit_Results_In_429 [SKIP]</Text>
      </RunInfo>
    </RunInfos>
  </ResultSummary>
</TestRun>